

Started GET "/" for 127.0.0.1 at 2017-02-17 18:32:25 +0530
Processing by Rails::WelcomeController#index as HTML
  Rendered /home/srikanth/.rvm/gems/ruby-2.3.3/gems/railties-4.2.6/lib/rails/templates/rails/welcome/index.html.erb (1.0ms)
Completed 200 OK in 12ms (Views: 6.3ms)


Started GET "/user_csvs" for 127.0.0.1 at 2017-02-17 18:32:32 +0530

ActionController::RoutingError (No route matches [GET] "/user_csvs"):
  actionpack (4.2.6) lib/action_dispatch/middleware/debug_exceptions.rb:21:in `call'
  web-console (2.3.0) lib/web_console/middleware.rb:28:in `block in call'
  web-console (2.3.0) lib/web_console/middleware.rb:18:in `catch'
  web-console (2.3.0) lib/web_console/middleware.rb:18:in `call'
  actionpack (4.2.6) lib/action_dispatch/middleware/show_exceptions.rb:30:in `call'
  railties (4.2.6) lib/rails/rack/logger.rb:38:in `call_app'
  railties (4.2.6) lib/rails/rack/logger.rb:20:in `block in call'
  activesupport (4.2.6) lib/active_support/tagged_logging.rb:68:in `block in tagged'
  activesupport (4.2.6) lib/active_support/tagged_logging.rb:26:in `tagged'
  activesupport (4.2.6) lib/active_support/tagged_logging.rb:68:in `tagged'
  railties (4.2.6) lib/rails/rack/logger.rb:20:in `call'
  actionpack (4.2.6) lib/action_dispatch/middleware/request_id.rb:21:in `call'
  rack (1.6.5) lib/rack/methodoverride.rb:22:in `call'
  rack (1.6.5) lib/rack/runtime.rb:18:in `call'
  activesupport (4.2.6) lib/active_support/cache/strategy/local_cache_middleware.rb:28:in `call'
  rack (1.6.5) lib/rack/lock.rb:17:in `call'
  actionpack (4.2.6) lib/action_dispatch/middleware/static.rb:120:in `call'
  rack (1.6.5) lib/rack/sendfile.rb:113:in `call'
  railties (4.2.6) lib/rails/engine.rb:518:in `call'
  railties (4.2.6) lib/rails/application.rb:165:in `call'
  rack (1.6.5) lib/rack/lock.rb:17:in `call'
  rack (1.6.5) lib/rack/content_length.rb:15:in `call'
  rack (1.6.5) lib/rack/handler/webrick.rb:88:in `service'
  /home/srikanth/.rvm/rubies/ruby-2.3.3/lib/ruby/2.3.0/webrick/httpserver.rb:140:in `service'
  /home/srikanth/.rvm/rubies/ruby-2.3.3/lib/ruby/2.3.0/webrick/httpserver.rb:96:in `run'
  /home/srikanth/.rvm/rubies/ruby-2.3.3/lib/ruby/2.3.0/webrick/server.rb:296:in `block in start_thread'


  Rendered /home/srikanth/.rvm/gems/ruby-2.3.3/gems/actionpack-4.2.6/lib/action_dispatch/middleware/templates/rescues/_trace.html.erb (1.0ms)
  Rendered /home/srikanth/.rvm/gems/ruby-2.3.3/gems/actionpack-4.2.6/lib/action_dispatch/middleware/templates/routes/_route.html.erb (0.7ms)
  Rendered /home/srikanth/.rvm/gems/ruby-2.3.3/gems/actionpack-4.2.6/lib/action_dispatch/middleware/templates/routes/_table.html.erb (8.8ms)
  Rendered /home/srikanth/.rvm/gems/ruby-2.3.3/gems/actionpack-4.2.6/lib/action_dispatch/middleware/templates/rescues/_request_and_response.html.erb (0.8ms)
  Rendered /home/srikanth/.rvm/gems/ruby-2.3.3/gems/actionpack-4.2.6/lib/action_dispatch/middleware/templates/rescues/routing_error.html.erb within rescues/layout (26.9ms)
  Rendered /home/srikanth/.rvm/gems/ruby-2.3.3/gems/web-console-2.3.0/lib/web_console/templates/_markup.html.erb (0.4ms)
  Rendered /home/srikanth/.rvm/gems/ruby-2.3.3/gems/web-console-2.3.0/lib/web_console/templates/_inner_console_markup.html.erb within layouts/inlined_string (0.2ms)
  Rendered /home/srikanth/.rvm/gems/ruby-2.3.3/gems/web-console-2.3.0/lib/web_console/templates/_prompt_box_markup.html.erb within layouts/inlined_string (0.2ms)
  Rendered /home/srikanth/.rvm/gems/ruby-2.3.3/gems/web-console-2.3.0/lib/web_console/templates/style.css.erb within layouts/inlined_string (0.2ms)
  Rendered /home/srikanth/.rvm/gems/ruby-2.3.3/gems/web-console-2.3.0/lib/web_console/templates/console.js.erb within layouts/javascript (17.4ms)
  Rendered /home/srikanth/.rvm/gems/ruby-2.3.3/gems/web-console-2.3.0/lib/web_console/templates/main.js.erb within layouts/javascript (0.2ms)
  Rendered /home/srikanth/.rvm/gems/ruby-2.3.3/gems/web-console-2.3.0/lib/web_console/templates/error_page.js.erb within layouts/javascript (0.3ms)
  Rendered /home/srikanth/.rvm/gems/ruby-2.3.3/gems/web-console-2.3.0/lib/web_console/templates/index.html.erb (30.4ms)


Started GET "/user_csv_uploads" for 127.0.0.1 at 2017-02-17 18:32:43 +0530
Processing by UserCsvUploadsController#index as HTML
MONGODB | Topology type 'unknown' initializing.
MONGODB | Server localhost:27017 initializing.
MONGODB | Topology type 'unknown' changed to type 'single'.
MONGODB | Server description for localhost:27017 changed from 'unknown' to 'standalone'.
MONGODB | There was a change in the members of the 'single' topology.
MONGODB | localhost:27017 | user_csv_development.find | STARTED | {"find"=>"user_csv_uploads", "filter"=>{}}
MONGODB | localhost:27017 | user_csv_development.find | SUCCEEDED | 0.00094254s
  Rendered user_csv_uploads/index.html.erb within layouts/application (6.5ms)
Completed 200 OK in 503ms (Views: 496.7ms)


Started GET "/assets/scaffolds.self-eddc22a23429c04c06f3c0f04537ea4b28fcc525278b2467157addece481e393.css?body=1" for 127.0.0.1 at 2017-02-17 18:32:44 +0530


Started GET "/assets/user_csv_uploads.self-e3b0c44298fc1c149afbf4c8996fb92427ae41e4649b934ca495991b7852b855.css?body=1" for 127.0.0.1 at 2017-02-17 18:32:44 +0530


Started GET "/assets/user_csv_uploads.self-877aef30ae1b040ab8a3aba4e3e309a11d7f2612f44dde450b5c157aa5f95c05.js?body=1" for 127.0.0.1 at 2017-02-17 18:32:44 +0530


Started GET "/user_csv_uploads/new" for 127.0.0.1 at 2017-02-17 18:32:46 +0530
Processing by UserCsvUploadsController#new as HTML
  Rendered user_csv_uploads/_form.html.erb (7.9ms)
  Rendered user_csv_uploads/new.html.erb within layouts/application (9.1ms)
Completed 200 OK in 25ms (Views: 24.0ms)


Started POST "/user_csv_uploads" for 127.0.0.1 at 2017-02-17 18:32:53 +0530
Processing by UserCsvUploadsController#create as HTML
  Parameters: {"utf8"=>"✓", "authenticity_token"=>"ZWn9EYxwXSlBlU4rcGXlta/rPUa4AFwd6QTyPHQXrIH+EcCrWJCZKUegfCihhFYRA/xzHBpivDOP6CEAaNvwtw==", "user_csv_upload"=>{"name"=>"data"}, "commit"=>"Create User csv upload"}
MONGODB | localhost:27017 | user_csv_development.insert | STARTED | {"insert"=>"user_csv_uploads", "documents"=>[{"_id"=>BSON::ObjectId('58a6f47ded0a91238de682c1'), "name"=>"data"}], "ordered"=>true}
MONGODB | localhost:27017 | user_csv_development.insert | SUCCEEDED | 0.445879547s
Redirected to http://localhost:3000/user_csv_uploads/58a6f47ded0a91238de682c1
Completed 302 Found in 449ms


Started GET "/user_csv_uploads/58a6f47ded0a91238de682c1" for 127.0.0.1 at 2017-02-17 18:32:53 +0530
Processing by UserCsvUploadsController#show as HTML
  Parameters: {"id"=>"58a6f47ded0a91238de682c1"}
MONGODB | localhost:27017 | user_csv_development.find | STARTED | {"find"=>"user_csv_uploads", "filter"=>{"_id"=>BSON::ObjectId('58a6f47ded0a91238de682c1')}}
MONGODB | localhost:27017 | user_csv_development.find | SUCCEEDED | 0.001179279s
  Rendered user_csv_uploads/show.html.erb within layouts/application (1.3ms)
Completed 200 OK in 27ms (Views: 24.4ms)


Started GET "/user_csv_uploads" for 127.0.0.1 at 2017-02-17 18:33:00 +0530
Processing by UserCsvUploadsController#index as HTML
MONGODB | localhost:27017 | user_csv_development.find | STARTED | {"find"=>"user_csv_uploads", "filter"=>{}}
MONGODB | localhost:27017 | user_csv_development.find | SUCCEEDED | 0.000380083s
  Rendered user_csv_uploads/index.html.erb within layouts/application (2.5ms)
Completed 200 OK in 23ms (Views: 22.3ms)


Started GET "/user_csv_uploads/new" for 127.0.0.1 at 2017-02-17 18:33:51 +0530
Processing by UserCsvUploadsController#new as HTML
  Rendered user_csv_uploads/_form.html.erb (2.8ms)
  Rendered user_csv_uploads/new.html.erb within layouts/application (3.5ms)
Completed 200 OK in 19ms (Views: 17.6ms)


Started GET "/user_csv_uploads/new" for 127.0.0.1 at 2017-02-17 18:34:26 +0530
Processing by UserCsvUploadsController#new as HTML
  Rendered user_csv_uploads/_form.html.erb (1.5ms)
  Rendered user_csv_uploads/new.html.erb within layouts/application (2.2ms)
Completed 200 OK in 20ms (Views: 19.3ms)


Started GET "/user_csv_uploads" for 127.0.0.1 at 2017-02-17 18:34:35 +0530
Processing by UserCsvUploadsController#index as HTML
MONGODB | localhost:27017 | user_csv_development.find | STARTED | {"find"=>"user_csv_uploads", "filter"=>{}}
MONGODB | localhost:27017 | user_csv_development.find | SUCCEEDED | 0.000600192s
  Rendered user_csv_uploads/index.html.erb within layouts/application (1.8ms)
Completed 200 OK in 15ms (Views: 14.9ms)


Started GET "/user_csv_uploads" for 127.0.0.1 at 2017-02-17 18:34:37 +0530
Processing by UserCsvUploadsController#index as HTML
MONGODB | localhost:27017 | user_csv_development.find | STARTED | {"find"=>"user_csv_uploads", "filter"=>{}}
MONGODB | localhost:27017 | user_csv_development.find | SUCCEEDED | 0.00105769s
  Rendered user_csv_uploads/index.html.erb within layouts/application (2.9ms)
Completed 200 OK in 14ms (Views: 12.7ms)


Started GET "/user_csv_uploads/new" for 127.0.0.1 at 2017-02-17 18:34:42 +0530
Processing by UserCsvUploadsController#new as HTML
  Rendered user_csv_uploads/_form.html.erb (2.1ms)
  Rendered user_csv_uploads/new.html.erb within layouts/application (3.7ms)
Completed 200 OK in 17ms (Views: 16.2ms)


Started POST "/user_csv_uploads" for 127.0.0.1 at 2017-02-17 18:34:49 +0530
Processing by UserCsvUploadsController#create as HTML
  Parameters: {"utf8"=>"✓", "authenticity_token"=>"Sy5GOThyR3ZuTMLp+vTyf55H444Y9molYd79XJEQbaTQVnuD7JKDdmh58OorFUHbMlCt1LqUigsHMi5gjdwxkg==", "user_csv_upload"=>{"name"=>"data test"}, "commit"=>"upload"}
MONGODB | localhost:27017 | user_csv_development.insert | STARTED | {"insert"=>"user_csv_uploads", "documents"=>[{"_id"=>BSON::ObjectId('58a6f4f1ed0a91238de682c2'), "name"=>"data test"}], "ordered"=>true}
MONGODB | localhost:27017 | user_csv_development.insert | SUCCEEDED | 0.000576122s
Redirected to http://localhost:3000/user_csv_uploads/58a6f4f1ed0a91238de682c2
Completed 302 Found in 3ms


Started GET "/user_csv_uploads/58a6f4f1ed0a91238de682c2" for 127.0.0.1 at 2017-02-17 18:34:49 +0530
Processing by UserCsvUploadsController#show as HTML
  Parameters: {"id"=>"58a6f4f1ed0a91238de682c2"}
MONGODB | localhost:27017 | user_csv_development.find | STARTED | {"find"=>"user_csv_uploads", "filter"=>{"_id"=>BSON::ObjectId('58a6f4f1ed0a91238de682c2')}}
MONGODB | localhost:27017 | user_csv_development.find | SUCCEEDED | 0.000578138s
  Rendered user_csv_uploads/show.html.erb within layouts/application (0.3ms)
Completed 200 OK in 11ms (Views: 9.3ms)


Started GET "/user_csv_uploads" for 127.0.0.1 at 2017-02-17 18:34:51 +0530
Processing by UserCsvUploadsController#index as HTML
MONGODB | localhost:27017 | user_csv_development.find | STARTED | {"find"=>"user_csv_uploads", "filter"=>{}}
MONGODB | localhost:27017 | user_csv_development.find | SUCCEEDED | 0.0010500260000000001s
  Rendered user_csv_uploads/index.html.erb within layouts/application (3.0ms)
Completed 200 OK in 17ms (Views: 16.9ms)


Started GET "/user_csv_uploads" for 127.0.0.1 at 2017-02-17 18:37:58 +0530
Processing by UserCsvUploadsController#index as HTML
MONGODB | Topology type 'unknown' initializing.
MONGODB | Server localhost:27017 initializing.
MONGODB | Topology type 'unknown' changed to type 'single'.
MONGODB | Server description for localhost:27017 changed from 'unknown' to 'standalone'.
MONGODB | There was a change in the members of the 'single' topology.
MONGODB | localhost:27017 | user_csv_development.find | STARTED | {"find"=>"user_csv_uploads", "filter"=>{}}
MONGODB | localhost:27017 | user_csv_development.find | SUCCEEDED | 0.0009735950000000001s
  Rendered user_csv_uploads/index.html.erb within layouts/application (7.3ms)
Completed 200 OK in 196ms (Views: 181.9ms)


Started GET "/user_csv_uploads" for 127.0.0.1 at 2017-02-17 18:38:00 +0530
Processing by UserCsvUploadsController#index as HTML
MONGODB | localhost:27017 | user_csv_development.find | STARTED | {"find"=>"user_csv_uploads", "filter"=>{}}
MONGODB | localhost:27017 | user_csv_development.find | SUCCEEDED | 0.000601429s
  Rendered user_csv_uploads/index.html.erb within layouts/application (2.1ms)
Completed 200 OK in 32ms (Views: 31.9ms)


Started GET "/user_csv_uploads" for 127.0.0.1 at 2017-02-17 18:38:45 +0530
Processing by UserCsvUploadsController#index as HTML
MONGODB | localhost:27017 | user_csv_development.find | STARTED | {"find"=>"user_csv_uploads", "filter"=>{}}
MONGODB | localhost:27017 | user_csv_development.find | SUCCEEDED | 0.0014577969999999998s
  Rendered user_csv_uploads/index.html.erb within layouts/application (4.3ms)
Completed 200 OK in 34ms (Views: 29.7ms)


Started GET "/user_csv_uploads/new" for 127.0.0.1 at 2017-02-17 18:38:46 +0530
Processing by UserCsvUploadsController#new as HTML
  Rendered user_csv_uploads/_form.html.erb (22.4ms)
  Rendered user_csv_uploads/new.html.erb within layouts/application (31.2ms)
Completed 200 OK in 51ms (Views: 49.6ms)


Started POST "/user_csv_uploads" for 127.0.0.1 at 2017-02-17 18:38:51 +0530
Processing by UserCsvUploadsController#create as HTML
  Parameters: {"utf8"=>"✓", "authenticity_token"=>"q+c0CXlaYAm4xV+9a1lMJatcLLBkAUnJhVxPiRIb7NYwnwmzrbqkCb7wbb66uP+BB0ti6sZjqefjsJy1Dtew4A==", "user_csv_upload"=>{"name"=>"hello"}, "commit"=>"upload"}
MONGODB | localhost:27017 | user_csv_development.insert | STARTED | {"insert"=>"user_csv_uploads", "documents"=>[{"_id"=>BSON::ObjectId('58a6f602ed0a9125211ba0f4'), "name"=>"hello"}], "ordered"=>true}
MONGODB | localhost:27017 | user_csv_development.insert | SUCCEEDED | 0.001592509s
Redirected to http://localhost:3000/user_csv_uploads/58a6f602ed0a9125211ba0f4
Completed 302 Found in 30656ms


Started GET "/user_csv_uploads/58a6f602ed0a9125211ba0f4" for 127.0.0.1 at 2017-02-17 18:39:22 +0530
Processing by UserCsvUploadsController#show as HTML
  Parameters: {"id"=>"58a6f602ed0a9125211ba0f4"}
MONGODB | localhost:27017 | user_csv_development.find | STARTED | {"find"=>"user_csv_uploads", "filter"=>{"_id"=>BSON::ObjectId('58a6f602ed0a9125211ba0f4')}}
MONGODB | localhost:27017 | user_csv_development.find | SUCCEEDED | 0.00078873s
  Rendered user_csv_uploads/show.html.erb within layouts/application (1.0ms)
Completed 200 OK in 15ms (Views: 12.9ms)


Started GET "/user_csv_uploads" for 127.0.0.1 at 2017-02-17 18:39:26 +0530
Processing by UserCsvUploadsController#index as HTML
MONGODB | localhost:27017 | user_csv_development.find | STARTED | {"find"=>"user_csv_uploads", "filter"=>{}}
MONGODB | localhost:27017 | user_csv_development.find | SUCCEEDED | 0.000792197s
  Rendered user_csv_uploads/index.html.erb within layouts/application (2.9ms)
Completed 200 OK in 16ms (Views: 15.4ms)


Started GET "/user_csv_uploads" for 127.0.0.1 at 2017-02-17 18:41:06 +0530
Processing by UserCsvUploadsController#index as HTML
MONGODB | localhost:27017 | user_csv_development.find | STARTED | {"find"=>"user_csv_uploads", "filter"=>{}}
MONGODB | localhost:27017 | user_csv_development.find | SUCCEEDED | 0.000968949s
  Rendered user_csv_uploads/index.html.erb within layouts/application (3.1ms)
Completed 200 OK in 19ms (Views: 14.4ms)


Started GET "/user_csv_uploads/new" for 127.0.0.1 at 2017-02-17 18:41:08 +0530
Processing by UserCsvUploadsController#new as HTML
  Rendered user_csv_uploads/_form.html.erb (2.9ms)
  Rendered user_csv_uploads/new.html.erb within layouts/application (3.8ms)
Completed 200 OK in 21ms (Views: 20.3ms)


Started GET "/user_csv_uploads/new" for 127.0.0.1 at 2017-02-17 18:42:04 +0530
Processing by UserCsvUploadsController#new as HTML
  Rendered user_csv_uploads/_form.html.erb (1.2ms)
  Rendered user_csv_uploads/new.html.erb within layouts/application (2.0ms)
Completed 200 OK in 20ms (Views: 15.4ms)


Started POST "/user_csv_uploads" for 127.0.0.1 at 2017-02-17 18:42:36 +0530
Processing by UserCsvUploadsController#create as HTML
  Parameters: {"utf8"=>"✓", "authenticity_token"=>"AIlv7zeXpxpE7y/QnDn0EqlCcUbI1giNoMKC9WFqxcmb8VJV43djGkLaHdNN2Ee2BVU/HGq06KPGLlHJfaaZ/w==", "user_csv_upload"=>{"name"=>#<ActionDispatch::Http::UploadedFile:0x00000004ff9b60 @tempfile=#<Tempfile:/tmp/RackMultipart20170217-9505-nwapvv.csv>, @original_filename="Hita_Nov Transactions.csv", @content_type="text/csv", @headers="Content-Disposition: form-data; name=\"user_csv_upload[name]\"; filename=\"Hita_Nov Transactions.csv\"\r\nContent-Type: text/csv\r\n">}, "commit"=>"upload"}
Completed 500 Internal Server Error in 80080ms

NoMethodError (undefined method `original_filename' for nil:NilClass):
  app/controllers/user_csv_uploads_controller.rb:31:in `create'


  Rendered /home/srikanth/.rvm/gems/ruby-2.3.3/gems/actionpack-4.2.6/lib/action_dispatch/middleware/templates/rescues/_source.erb (2.9ms)
  Rendered /home/srikanth/.rvm/gems/ruby-2.3.3/gems/actionpack-4.2.6/lib/action_dispatch/middleware/templates/rescues/_trace.html.erb (1.6ms)
  Rendered /home/srikanth/.rvm/gems/ruby-2.3.3/gems/actionpack-4.2.6/lib/action_dispatch/middleware/templates/rescues/_request_and_response.html.erb (1.3ms)
  Rendered /home/srikanth/.rvm/gems/ruby-2.3.3/gems/actionpack-4.2.6/lib/action_dispatch/middleware/templates/rescues/diagnostics.html.erb within rescues/layout (17.1ms)
  Rendered /home/srikanth/.rvm/gems/ruby-2.3.3/gems/web-console-2.3.0/lib/web_console/templates/_markup.html.erb (0.2ms)
  Rendered /home/srikanth/.rvm/gems/ruby-2.3.3/gems/web-console-2.3.0/lib/web_console/templates/_inner_console_markup.html.erb within layouts/inlined_string (0.2ms)
  Rendered /home/srikanth/.rvm/gems/ruby-2.3.3/gems/web-console-2.3.0/lib/web_console/templates/_prompt_box_markup.html.erb within layouts/inlined_string (0.2ms)
  Rendered /home/srikanth/.rvm/gems/ruby-2.3.3/gems/web-console-2.3.0/lib/web_console/templates/style.css.erb within layouts/inlined_string (0.3ms)
  Rendered /home/srikanth/.rvm/gems/ruby-2.3.3/gems/web-console-2.3.0/lib/web_console/templates/console.js.erb within layouts/javascript (13.1ms)
  Rendered /home/srikanth/.rvm/gems/ruby-2.3.3/gems/web-console-2.3.0/lib/web_console/templates/main.js.erb within layouts/javascript (0.2ms)
  Rendered /home/srikanth/.rvm/gems/ruby-2.3.3/gems/web-console-2.3.0/lib/web_console/templates/error_page.js.erb within layouts/javascript (0.3ms)
  Rendered /home/srikanth/.rvm/gems/ruby-2.3.3/gems/web-console-2.3.0/lib/web_console/templates/index.html.erb (25.2ms)


Started POST "/user_csv_uploads" for 127.0.0.1 at 2017-02-17 18:46:42 +0530

SyntaxError (/home/srikanth/NetBeansProjects/user_csv/app/controllers/user_csv_uploads_controller.rb:37: syntax error, unexpected tIDENTIFIER, expecting ')'
    respond_to do |format|
              ^):
  app/controllers/user_csv_uploads_controller.rb:37: syntax error, unexpected tIDENTIFIER, expecting ')'


  Rendered /home/srikanth/.rvm/gems/ruby-2.3.3/gems/actionpack-4.2.6/lib/action_dispatch/middleware/templates/rescues/_source.erb (3.4ms)
  Rendered /home/srikanth/.rvm/gems/ruby-2.3.3/gems/actionpack-4.2.6/lib/action_dispatch/middleware/templates/rescues/_trace.html.erb (1.3ms)
  Rendered /home/srikanth/.rvm/gems/ruby-2.3.3/gems/actionpack-4.2.6/lib/action_dispatch/middleware/templates/rescues/_request_and_response.html.erb (7.3ms)
  Rendered /home/srikanth/.rvm/gems/ruby-2.3.3/gems/actionpack-4.2.6/lib/action_dispatch/middleware/templates/rescues/diagnostics.html.erb within rescues/layout (23.3ms)
  Rendered /home/srikanth/.rvm/gems/ruby-2.3.3/gems/web-console-2.3.0/lib/web_console/templates/_markup.html.erb (0.2ms)
  Rendered /home/srikanth/.rvm/gems/ruby-2.3.3/gems/web-console-2.3.0/lib/web_console/templates/_inner_console_markup.html.erb within layouts/inlined_string (0.3ms)
  Rendered /home/srikanth/.rvm/gems/ruby-2.3.3/gems/web-console-2.3.0/lib/web_console/templates/_prompt_box_markup.html.erb within layouts/inlined_string (0.2ms)
  Rendered /home/srikanth/.rvm/gems/ruby-2.3.3/gems/web-console-2.3.0/lib/web_console/templates/style.css.erb within layouts/inlined_string (0.2ms)
  Rendered /home/srikanth/.rvm/gems/ruby-2.3.3/gems/web-console-2.3.0/lib/web_console/templates/console.js.erb within layouts/javascript (17.7ms)
  Rendered /home/srikanth/.rvm/gems/ruby-2.3.3/gems/web-console-2.3.0/lib/web_console/templates/main.js.erb within layouts/javascript (0.2ms)
  Rendered /home/srikanth/.rvm/gems/ruby-2.3.3/gems/web-console-2.3.0/lib/web_console/templates/error_page.js.erb within layouts/javascript (0.3ms)
  Rendered /home/srikanth/.rvm/gems/ruby-2.3.3/gems/web-console-2.3.0/lib/web_console/templates/index.html.erb (31.5ms)


Started POST "/user_csv_uploads" for 127.0.0.1 at 2017-02-17 18:47:21 +0530
Processing by UserCsvUploadsController#create as HTML
  Parameters: {"utf8"=>"✓", "authenticity_token"=>"AIlv7zeXpxpE7y/QnDn0EqlCcUbI1giNoMKC9WFqxcmb8VJV43djGkLaHdNN2Ee2BVU/HGq06KPGLlHJfaaZ/w==", "user_csv_upload"=>{"name"=>#<ActionDispatch::Http::UploadedFile:0x00000002c358f0 @tempfile=#<Tempfile:/tmp/RackMultipart20170217-10016-1lnyciw.csv>, @original_filename="Hita_Nov Transactions.csv", @content_type="text/csv", @headers="Content-Disposition: form-data; name=\"user_csv_upload[name]\"; filename=\"Hita_Nov Transactions.csv\"\r\nContent-Type: text/csv\r\n">}, "commit"=>"upload"}
Completed 500 Internal Server Error in 13ms

NoMethodError (undefined method `original_filename' for nil:NilClass):
  app/controllers/user_csv_uploads_controller.rb:30:in `create'


  Rendered /home/srikanth/.rvm/gems/ruby-2.3.3/gems/actionpack-4.2.6/lib/action_dispatch/middleware/templates/rescues/_source.erb (3.9ms)
  Rendered /home/srikanth/.rvm/gems/ruby-2.3.3/gems/actionpack-4.2.6/lib/action_dispatch/middleware/templates/rescues/_trace.html.erb (1.3ms)
  Rendered /home/srikanth/.rvm/gems/ruby-2.3.3/gems/actionpack-4.2.6/lib/action_dispatch/middleware/templates/rescues/_request_and_response.html.erb (0.7ms)
  Rendered /home/srikanth/.rvm/gems/ruby-2.3.3/gems/actionpack-4.2.6/lib/action_dispatch/middleware/templates/rescues/diagnostics.html.erb within rescues/layout (17.1ms)
  Rendered /home/srikanth/.rvm/gems/ruby-2.3.3/gems/web-console-2.3.0/lib/web_console/templates/_markup.html.erb (0.3ms)
  Rendered /home/srikanth/.rvm/gems/ruby-2.3.3/gems/web-console-2.3.0/lib/web_console/templates/_inner_console_markup.html.erb within layouts/inlined_string (0.2ms)
  Rendered /home/srikanth/.rvm/gems/ruby-2.3.3/gems/web-console-2.3.0/lib/web_console/templates/_prompt_box_markup.html.erb within layouts/inlined_string (0.2ms)
  Rendered /home/srikanth/.rvm/gems/ruby-2.3.3/gems/web-console-2.3.0/lib/web_console/templates/style.css.erb within layouts/inlined_string (0.6ms)
  Rendered /home/srikanth/.rvm/gems/ruby-2.3.3/gems/web-console-2.3.0/lib/web_console/templates/console.js.erb within layouts/javascript (14.1ms)
  Rendered /home/srikanth/.rvm/gems/ruby-2.3.3/gems/web-console-2.3.0/lib/web_console/templates/main.js.erb within layouts/javascript (0.2ms)
  Rendered /home/srikanth/.rvm/gems/ruby-2.3.3/gems/web-console-2.3.0/lib/web_console/templates/error_page.js.erb within layouts/javascript (0.3ms)
  Rendered /home/srikanth/.rvm/gems/ruby-2.3.3/gems/web-console-2.3.0/lib/web_console/templates/index.html.erb (26.2ms)


Started GET "/" for 127.0.0.1 at 2017-02-17 18:47:40 +0530
Processing by Rails::WelcomeController#index as HTML
  Rendered /home/srikanth/.rvm/gems/ruby-2.3.3/gems/railties-4.2.6/lib/rails/templates/rails/welcome/index.html.erb (1.0ms)
Completed 200 OK in 12ms (Views: 5.7ms)


Started GET "/user_csv_uploads" for 127.0.0.1 at 2017-02-17 18:47:45 +0530
Processing by UserCsvUploadsController#index as HTML
MONGODB | Topology type 'unknown' initializing.
MONGODB | Server localhost:27017 initializing.
MONGODB | Topology type 'unknown' changed to type 'single'.
MONGODB | Server description for localhost:27017 changed from 'unknown' to 'standalone'.
MONGODB | There was a change in the members of the 'single' topology.
MONGODB | localhost:27017 | user_csv_development.find | STARTED | {"find"=>"user_csv_uploads", "filter"=>{}}
MONGODB | localhost:27017 | user_csv_development.find | SUCCEEDED | 0.0009489209999999999s
  Rendered user_csv_uploads/index.html.erb within layouts/application (6.6ms)
Completed 200 OK in 190ms (Views: 180.6ms)


Started GET "/user_csv_uploads/new" for 127.0.0.1 at 2017-02-17 18:47:49 +0530
Processing by UserCsvUploadsController#new as HTML
  Rendered user_csv_uploads/_form.html.erb (15.2ms)
  Rendered user_csv_uploads/new.html.erb within layouts/application (18.8ms)
Completed 200 OK in 32ms (Views: 31.4ms)


Started POST "/user_csv_uploads" for 127.0.0.1 at 2017-02-17 18:48:00 +0530
Processing by UserCsvUploadsController#create as HTML
  Parameters: {"utf8"=>"✓", "authenticity_token"=>"tfZEnB4Kzs75J8U22QS4CHf0dPyErBsCeSj/G0xVVzUujnkmyuoKzv8S9zUI5Qus2+M6pibO+ywfxCwnUJkLAw==", "user_csv_upload"=>{"name"=>#<ActionDispatch::Http::UploadedFile:0x0000000275ac68 @tempfile=#<Tempfile:/tmp/RackMultipart20170217-10154-mfpyvm.csv>, @original_filename="Hita_Nov Transactions.csv", @content_type="text/csv", @headers="Content-Disposition: form-data; name=\"user_csv_upload[name]\"; filename=\"Hita_Nov Transactions.csv\"\r\nContent-Type: text/csv\r\n">}, "commit"=>"upload"}
Completed 500 Internal Server Error in 5ms

NoMethodError (undefined method `original_filename' for nil:NilClass):
  app/controllers/user_csv_uploads_controller.rb:30:in `create'


  Rendered /home/srikanth/.rvm/gems/ruby-2.3.3/gems/actionpack-4.2.6/lib/action_dispatch/middleware/templates/rescues/_source.erb (3.1ms)
  Rendered /home/srikanth/.rvm/gems/ruby-2.3.3/gems/actionpack-4.2.6/lib/action_dispatch/middleware/templates/rescues/_trace.html.erb (1.4ms)
  Rendered /home/srikanth/.rvm/gems/ruby-2.3.3/gems/actionpack-4.2.6/lib/action_dispatch/middleware/templates/rescues/_request_and_response.html.erb (0.7ms)
  Rendered /home/srikanth/.rvm/gems/ruby-2.3.3/gems/actionpack-4.2.6/lib/action_dispatch/middleware/templates/rescues/diagnostics.html.erb within rescues/layout (16.2ms)
  Rendered /home/srikanth/.rvm/gems/ruby-2.3.3/gems/web-console-2.3.0/lib/web_console/templates/_markup.html.erb (0.4ms)
  Rendered /home/srikanth/.rvm/gems/ruby-2.3.3/gems/web-console-2.3.0/lib/web_console/templates/_inner_console_markup.html.erb within layouts/inlined_string (0.3ms)
  Rendered /home/srikanth/.rvm/gems/ruby-2.3.3/gems/web-console-2.3.0/lib/web_console/templates/_prompt_box_markup.html.erb within layouts/inlined_string (0.6ms)
  Rendered /home/srikanth/.rvm/gems/ruby-2.3.3/gems/web-console-2.3.0/lib/web_console/templates/style.css.erb within layouts/inlined_string (0.3ms)
  Rendered /home/srikanth/.rvm/gems/ruby-2.3.3/gems/web-console-2.3.0/lib/web_console/templates/console.js.erb within layouts/javascript (13.9ms)
  Rendered /home/srikanth/.rvm/gems/ruby-2.3.3/gems/web-console-2.3.0/lib/web_console/templates/main.js.erb within layouts/javascript (0.2ms)
  Rendered /home/srikanth/.rvm/gems/ruby-2.3.3/gems/web-console-2.3.0/lib/web_console/templates/error_page.js.erb within layouts/javascript (0.3ms)
  Rendered /home/srikanth/.rvm/gems/ruby-2.3.3/gems/web-console-2.3.0/lib/web_console/templates/index.html.erb (27.1ms)


Started POST "/user_csv_uploads" for 127.0.0.1 at 2017-02-17 18:49:07 +0530
Processing by UserCsvUploadsController#create as HTML
  Parameters: {"utf8"=>"✓", "authenticity_token"=>"tfZEnB4Kzs75J8U22QS4CHf0dPyErBsCeSj/G0xVVzUujnkmyuoKzv8S9zUI5Qus2+M6pibO+ywfxCwnUJkLAw==", "user_csv_upload"=>{"name"=>#<ActionDispatch::Http::UploadedFile:0x000000024df790 @tempfile=#<Tempfile:/tmp/RackMultipart20170217-10252-nx47mk.csv>, @original_filename="Hita_Nov Transactions.csv", @content_type="text/csv", @headers="Content-Disposition: form-data; name=\"user_csv_upload[name]\"; filename=\"Hita_Nov Transactions.csv\"\r\nContent-Type: text/csv\r\n">}, "commit"=>"upload"}
Completed 500 Internal Server Error in 23ms

NoMethodError (undefined method `read' for nil:NilClass):
  app/controllers/user_csv_uploads_controller.rb:31:in `block in create'
  app/controllers/user_csv_uploads_controller.rb:30:in `open'
  app/controllers/user_csv_uploads_controller.rb:30:in `create'


  Rendered /home/srikanth/.rvm/gems/ruby-2.3.3/gems/actionpack-4.2.6/lib/action_dispatch/middleware/templates/rescues/_source.erb (2.8ms)
  Rendered /home/srikanth/.rvm/gems/ruby-2.3.3/gems/actionpack-4.2.6/lib/action_dispatch/middleware/templates/rescues/_trace.html.erb (2.5ms)
  Rendered /home/srikanth/.rvm/gems/ruby-2.3.3/gems/actionpack-4.2.6/lib/action_dispatch/middleware/templates/rescues/_request_and_response.html.erb (0.9ms)
  Rendered /home/srikanth/.rvm/gems/ruby-2.3.3/gems/actionpack-4.2.6/lib/action_dispatch/middleware/templates/rescues/diagnostics.html.erb within rescues/layout (17.8ms)
  Rendered /home/srikanth/.rvm/gems/ruby-2.3.3/gems/web-console-2.3.0/lib/web_console/templates/_markup.html.erb (0.3ms)
  Rendered /home/srikanth/.rvm/gems/ruby-2.3.3/gems/web-console-2.3.0/lib/web_console/templates/_inner_console_markup.html.erb within layouts/inlined_string (0.2ms)
  Rendered /home/srikanth/.rvm/gems/ruby-2.3.3/gems/web-console-2.3.0/lib/web_console/templates/_prompt_box_markup.html.erb within layouts/inlined_string (0.2ms)
  Rendered /home/srikanth/.rvm/gems/ruby-2.3.3/gems/web-console-2.3.0/lib/web_console/templates/style.css.erb within layouts/inlined_string (0.5ms)
  Rendered /home/srikanth/.rvm/gems/ruby-2.3.3/gems/web-console-2.3.0/lib/web_console/templates/console.js.erb within layouts/javascript (17.9ms)
  Rendered /home/srikanth/.rvm/gems/ruby-2.3.3/gems/web-console-2.3.0/lib/web_console/templates/main.js.erb within layouts/javascript (0.2ms)
  Rendered /home/srikanth/.rvm/gems/ruby-2.3.3/gems/web-console-2.3.0/lib/web_console/templates/error_page.js.erb within layouts/javascript (0.3ms)
  Rendered /home/srikanth/.rvm/gems/ruby-2.3.3/gems/web-console-2.3.0/lib/web_console/templates/index.html.erb (32.0ms)


Started POST "/user_csv_uploads" for 127.0.0.1 at 2017-02-17 18:49:43 +0530
Processing by UserCsvUploadsController#create as HTML
  Parameters: {"utf8"=>"✓", "authenticity_token"=>"tfZEnB4Kzs75J8U22QS4CHf0dPyErBsCeSj/G0xVVzUujnkmyuoKzv8S9zUI5Qus2+M6pibO+ywfxCwnUJkLAw==", "user_csv_upload"=>{"name"=>#<ActionDispatch::Http::UploadedFile:0x0000000315c4a0 @tempfile=#<Tempfile:/tmp/RackMultipart20170217-10252-1hs9jn1.csv>, @original_filename="Hita_Nov Transactions.csv", @content_type="text/csv", @headers="Content-Disposition: form-data; name=\"user_csv_upload[name]\"; filename=\"Hita_Nov Transactions.csv\"\r\nContent-Type: text/csv\r\n">}, "commit"=>"upload"}
Completed 500 Internal Server Error in 7ms

NoMethodError (undefined method `original_filename' for nil:NilClass):
  app/controllers/user_csv_uploads_controller.rb:32:in `create'


  Rendered /home/srikanth/.rvm/gems/ruby-2.3.3/gems/actionpack-4.2.6/lib/action_dispatch/middleware/templates/rescues/_source.erb (4.0ms)
  Rendered /home/srikanth/.rvm/gems/ruby-2.3.3/gems/actionpack-4.2.6/lib/action_dispatch/middleware/templates/rescues/_trace.html.erb (2.6ms)
  Rendered /home/srikanth/.rvm/gems/ruby-2.3.3/gems/actionpack-4.2.6/lib/action_dispatch/middleware/templates/rescues/_request_and_response.html.erb (1.1ms)
  Rendered /home/srikanth/.rvm/gems/ruby-2.3.3/gems/actionpack-4.2.6/lib/action_dispatch/middleware/templates/rescues/diagnostics.html.erb within rescues/layout (18.4ms)
  Rendered /home/srikanth/.rvm/gems/ruby-2.3.3/gems/web-console-2.3.0/lib/web_console/templates/_markup.html.erb (0.5ms)
  Rendered /home/srikanth/.rvm/gems/ruby-2.3.3/gems/web-console-2.3.0/lib/web_console/templates/_inner_console_markup.html.erb within layouts/inlined_string (0.4ms)
  Rendered /home/srikanth/.rvm/gems/ruby-2.3.3/gems/web-console-2.3.0/lib/web_console/templates/_prompt_box_markup.html.erb within layouts/inlined_string (0.3ms)
  Rendered /home/srikanth/.rvm/gems/ruby-2.3.3/gems/web-console-2.3.0/lib/web_console/templates/style.css.erb within layouts/inlined_string (0.5ms)
  Rendered /home/srikanth/.rvm/gems/ruby-2.3.3/gems/web-console-2.3.0/lib/web_console/templates/console.js.erb within layouts/javascript (14.7ms)
  Rendered /home/srikanth/.rvm/gems/ruby-2.3.3/gems/web-console-2.3.0/lib/web_console/templates/main.js.erb within layouts/javascript (0.8ms)
  Rendered /home/srikanth/.rvm/gems/ruby-2.3.3/gems/web-console-2.3.0/lib/web_console/templates/error_page.js.erb within layouts/javascript (0.5ms)
  Rendered /home/srikanth/.rvm/gems/ruby-2.3.3/gems/web-console-2.3.0/lib/web_console/templates/index.html.erb (29.3ms)


Started POST "/user_csv_uploads" for 127.0.0.1 at 2017-02-17 18:50:07 +0530
Processing by UserCsvUploadsController#create as HTML
  Parameters: {"utf8"=>"✓", "authenticity_token"=>"tfZEnB4Kzs75J8U22QS4CHf0dPyErBsCeSj/G0xVVzUujnkmyuoKzv8S9zUI5Qus2+M6pibO+ywfxCwnUJkLAw==", "user_csv_upload"=>{"name"=>#<ActionDispatch::Http::UploadedFile:0x00000001b60688 @tempfile=#<Tempfile:/tmp/RackMultipart20170217-10347-877bkj.csv>, @original_filename="Hita_Nov Transactions.csv", @content_type="text/csv", @headers="Content-Disposition: form-data; name=\"user_csv_upload[name]\"; filename=\"Hita_Nov Transactions.csv\"\r\nContent-Type: text/csv\r\n">}, "commit"=>"upload"}
Completed 500 Internal Server Error in 21ms

NoMethodError (undefined method `original_filename' for nil:NilClass):
  app/controllers/user_csv_uploads_controller.rb:32:in `create'


  Rendered /home/srikanth/.rvm/gems/ruby-2.3.3/gems/actionpack-4.2.6/lib/action_dispatch/middleware/templates/rescues/_source.erb (2.9ms)
  Rendered /home/srikanth/.rvm/gems/ruby-2.3.3/gems/actionpack-4.2.6/lib/action_dispatch/middleware/templates/rescues/_trace.html.erb (1.8ms)
  Rendered /home/srikanth/.rvm/gems/ruby-2.3.3/gems/actionpack-4.2.6/lib/action_dispatch/middleware/templates/rescues/_request_and_response.html.erb (0.7ms)
  Rendered /home/srikanth/.rvm/gems/ruby-2.3.3/gems/actionpack-4.2.6/lib/action_dispatch/middleware/templates/rescues/diagnostics.html.erb within rescues/layout (19.1ms)
  Rendered /home/srikanth/.rvm/gems/ruby-2.3.3/gems/web-console-2.3.0/lib/web_console/templates/_markup.html.erb (0.3ms)
  Rendered /home/srikanth/.rvm/gems/ruby-2.3.3/gems/web-console-2.3.0/lib/web_console/templates/_inner_console_markup.html.erb within layouts/inlined_string (0.3ms)
  Rendered /home/srikanth/.rvm/gems/ruby-2.3.3/gems/web-console-2.3.0/lib/web_console/templates/_prompt_box_markup.html.erb within layouts/inlined_string (0.2ms)
  Rendered /home/srikanth/.rvm/gems/ruby-2.3.3/gems/web-console-2.3.0/lib/web_console/templates/style.css.erb within layouts/inlined_string (0.3ms)
  Rendered /home/srikanth/.rvm/gems/ruby-2.3.3/gems/web-console-2.3.0/lib/web_console/templates/console.js.erb within layouts/javascript (17.2ms)
  Rendered /home/srikanth/.rvm/gems/ruby-2.3.3/gems/web-console-2.3.0/lib/web_console/templates/main.js.erb within layouts/javascript (0.2ms)
  Rendered /home/srikanth/.rvm/gems/ruby-2.3.3/gems/web-console-2.3.0/lib/web_console/templates/error_page.js.erb within layouts/javascript (0.3ms)
  Rendered /home/srikanth/.rvm/gems/ruby-2.3.3/gems/web-console-2.3.0/lib/web_console/templates/index.html.erb (31.4ms)


Started GET "/" for 127.0.0.1 at 2017-02-17 18:50:16 +0530
Processing by Rails::WelcomeController#index as HTML
  Rendered /home/srikanth/.rvm/gems/ruby-2.3.3/gems/railties-4.2.6/lib/rails/templates/rails/welcome/index.html.erb (0.5ms)
Completed 200 OK in 3ms (Views: 2.9ms)


Started GET "/user_csv_uploads" for 127.0.0.1 at 2017-02-17 18:50:21 +0530
Processing by UserCsvUploadsController#index as HTML
MONGODB | Topology type 'unknown' initializing.
MONGODB | Server localhost:27017 initializing.
MONGODB | Topology type 'unknown' changed to type 'single'.
MONGODB | Server description for localhost:27017 changed from 'unknown' to 'standalone'.
MONGODB | There was a change in the members of the 'single' topology.
MONGODB | localhost:27017 | user_csv_development.find | STARTED | {"find"=>"user_csv_uploads", "filter"=>{}}
MONGODB | localhost:27017 | user_csv_development.find | SUCCEEDED | 0.001713718s
  Rendered user_csv_uploads/index.html.erb within layouts/application (9.1ms)
Completed 200 OK in 170ms (Views: 169.8ms)


Started GET "/user_csv_uploads/new" for 127.0.0.1 at 2017-02-17 18:50:24 +0530
Processing by UserCsvUploadsController#new as HTML
  Rendered user_csv_uploads/_form.html.erb (11.1ms)
  Rendered user_csv_uploads/new.html.erb within layouts/application (12.1ms)
Completed 200 OK in 33ms (Views: 33.0ms)


Started POST "/user_csv_uploads" for 127.0.0.1 at 2017-02-17 18:50:29 +0530
Processing by UserCsvUploadsController#create as HTML
  Parameters: {"utf8"=>"✓", "authenticity_token"=>"6QQJC50DTv8ETmbvDZq38M9ip2//13sD3R0T2SydBipyfDSxSeOK/wJ7VOzcewRUY3XpNV21my278cDlMFFaHA==", "user_csv_upload"=>{"name"=>#<ActionDispatch::Http::UploadedFile:0x007fce01de0338 @tempfile=#<Tempfile:/tmp/RackMultipart20170217-10347-1ephje4.csv>, @original_filename="Hita_Nov Transactions.csv", @content_type="text/csv", @headers="Content-Disposition: form-data; name=\"user_csv_upload[name]\"; filename=\"Hita_Nov Transactions.csv\"\r\nContent-Type: text/csv\r\n">}, "commit"=>"upload"}
Completed 500 Internal Server Error in 6ms

NoMethodError (undefined method `original_filename' for nil:NilClass):
  app/controllers/user_csv_uploads_controller.rb:32:in `create'


  Rendered /home/srikanth/.rvm/gems/ruby-2.3.3/gems/actionpack-4.2.6/lib/action_dispatch/middleware/templates/rescues/_source.erb (2.6ms)
  Rendered /home/srikanth/.rvm/gems/ruby-2.3.3/gems/actionpack-4.2.6/lib/action_dispatch/middleware/templates/rescues/_trace.html.erb (1.3ms)
  Rendered /home/srikanth/.rvm/gems/ruby-2.3.3/gems/actionpack-4.2.6/lib/action_dispatch/middleware/templates/rescues/_request_and_response.html.erb (0.8ms)
  Rendered /home/srikanth/.rvm/gems/ruby-2.3.3/gems/actionpack-4.2.6/lib/action_dispatch/middleware/templates/rescues/diagnostics.html.erb within rescues/layout (15.1ms)
  Rendered /home/srikanth/.rvm/gems/ruby-2.3.3/gems/web-console-2.3.0/lib/web_console/templates/_markup.html.erb (0.3ms)
  Rendered /home/srikanth/.rvm/gems/ruby-2.3.3/gems/web-console-2.3.0/lib/web_console/templates/_inner_console_markup.html.erb within layouts/inlined_string (0.2ms)
  Rendered /home/srikanth/.rvm/gems/ruby-2.3.3/gems/web-console-2.3.0/lib/web_console/templates/_prompt_box_markup.html.erb within layouts/inlined_string (0.2ms)
  Rendered /home/srikanth/.rvm/gems/ruby-2.3.3/gems/web-console-2.3.0/lib/web_console/templates/style.css.erb within layouts/inlined_string (0.3ms)
  Rendered /home/srikanth/.rvm/gems/ruby-2.3.3/gems/web-console-2.3.0/lib/web_console/templates/console.js.erb within layouts/javascript (12.6ms)
  Rendered /home/srikanth/.rvm/gems/ruby-2.3.3/gems/web-console-2.3.0/lib/web_console/templates/main.js.erb within layouts/javascript (0.2ms)
  Rendered /home/srikanth/.rvm/gems/ruby-2.3.3/gems/web-console-2.3.0/lib/web_console/templates/error_page.js.erb within layouts/javascript (0.3ms)
  Rendered /home/srikanth/.rvm/gems/ruby-2.3.3/gems/web-console-2.3.0/lib/web_console/templates/index.html.erb (24.5ms)


Started GET "/" for 127.0.0.1 at 2017-02-17 18:51:51 +0530
Processing by Rails::WelcomeController#index as HTML
  Rendered /home/srikanth/.rvm/gems/ruby-2.3.3/gems/railties-4.2.6/lib/rails/templates/rails/welcome/index.html.erb (1.0ms)
Completed 200 OK in 18ms (Views: 12.1ms)


Started GET "/user_csv_uploads" for 127.0.0.1 at 2017-02-17 18:51:57 +0530
Processing by UserCsvUploadsController#index as HTML
MONGODB | Topology type 'unknown' initializing.
MONGODB | Server localhost:27017 initializing.
MONGODB | Topology type 'unknown' changed to type 'single'.
MONGODB | Server description for localhost:27017 changed from 'unknown' to 'standalone'.
MONGODB | There was a change in the members of the 'single' topology.
MONGODB | localhost:27017 | user_csv_development.find | STARTED | {"find"=>"user_csv_uploads", "filter"=>{}}
MONGODB | localhost:27017 | user_csv_development.find | SUCCEEDED | 0.001118503s
  Rendered user_csv_uploads/index.html.erb within layouts/application (8.4ms)
Completed 200 OK in 211ms (Views: 191.0ms)


Started GET "/user_csv_uploads/new" for 127.0.0.1 at 2017-02-17 18:51:59 +0530
Processing by UserCsvUploadsController#new as HTML
  Rendered user_csv_uploads/_form.html.erb (17.8ms)
  Rendered user_csv_uploads/new.html.erb within layouts/application (21.6ms)
Completed 200 OK in 34ms (Views: 33.7ms)


Started POST "/user_csv_uploads" for 127.0.0.1 at 2017-02-17 18:52:06 +0530
Processing by UserCsvUploadsController#create as HTML
  Parameters: {"utf8"=>"✓", "authenticity_token"=>"Jv2rL8L4WAo+YAxxRzLz8KCOxRJIh3BfxAKYAEbJ6Ma9hZaVFhicCjhVPnKW00BUDJmLSOrlkHGi7ks8WgW08A==", "user_csv_upload"=>{"name"=>#<ActionDispatch::Http::UploadedFile:0x0000000360f308 @tempfile=#<Tempfile:/tmp/RackMultipart20170217-10455-1vextd.csv>, @original_filename="Hita_Nov Transactions.csv", @content_type="text/csv", @headers="Content-Disposition: form-data; name=\"user_csv_upload[name]\"; filename=\"Hita_Nov Transactions.csv\"\r\nContent-Type: text/csv\r\n">}, "commit"=>"upload"}
Completed 500 Internal Server Error in 6ms

NoMethodError (undefined method `original_filename' for nil:NilClass):
  app/controllers/user_csv_uploads_controller.rb:35:in `create'


  Rendered /home/srikanth/.rvm/gems/ruby-2.3.3/gems/actionpack-4.2.6/lib/action_dispatch/middleware/templates/rescues/_source.erb (3.5ms)
  Rendered /home/srikanth/.rvm/gems/ruby-2.3.3/gems/actionpack-4.2.6/lib/action_dispatch/middleware/templates/rescues/_trace.html.erb (1.3ms)
  Rendered /home/srikanth/.rvm/gems/ruby-2.3.3/gems/actionpack-4.2.6/lib/action_dispatch/middleware/templates/rescues/_request_and_response.html.erb (0.7ms)
  Rendered /home/srikanth/.rvm/gems/ruby-2.3.3/gems/actionpack-4.2.6/lib/action_dispatch/middleware/templates/rescues/diagnostics.html.erb within rescues/layout (15.6ms)
  Rendered /home/srikanth/.rvm/gems/ruby-2.3.3/gems/web-console-2.3.0/lib/web_console/templates/_markup.html.erb (0.3ms)
  Rendered /home/srikanth/.rvm/gems/ruby-2.3.3/gems/web-console-2.3.0/lib/web_console/templates/_inner_console_markup.html.erb within layouts/inlined_string (0.3ms)
  Rendered /home/srikanth/.rvm/gems/ruby-2.3.3/gems/web-console-2.3.0/lib/web_console/templates/_prompt_box_markup.html.erb within layouts/inlined_string (0.2ms)
  Rendered /home/srikanth/.rvm/gems/ruby-2.3.3/gems/web-console-2.3.0/lib/web_console/templates/style.css.erb within layouts/inlined_string (0.3ms)
  Rendered /home/srikanth/.rvm/gems/ruby-2.3.3/gems/web-console-2.3.0/lib/web_console/templates/console.js.erb within layouts/javascript (13.1ms)
  Rendered /home/srikanth/.rvm/gems/ruby-2.3.3/gems/web-console-2.3.0/lib/web_console/templates/main.js.erb within layouts/javascript (0.2ms)
  Rendered /home/srikanth/.rvm/gems/ruby-2.3.3/gems/web-console-2.3.0/lib/web_console/templates/error_page.js.erb within layouts/javascript (0.3ms)
  Rendered /home/srikanth/.rvm/gems/ruby-2.3.3/gems/web-console-2.3.0/lib/web_console/templates/index.html.erb (25.8ms)


Started POST "/user_csv_uploads" for 127.0.0.1 at 2017-02-17 18:53:40 +0530
Processing by UserCsvUploadsController#create as HTML
  Parameters: {"utf8"=>"✓", "authenticity_token"=>"Jv2rL8L4WAo+YAxxRzLz8KCOxRJIh3BfxAKYAEbJ6Ma9hZaVFhicCjhVPnKW00BUDJmLSOrlkHGi7ks8WgW08A==", "user_csv_upload"=>{"name"=>#<ActionDispatch::Http::UploadedFile:0x000000026a16c8 @tempfile=#<Tempfile:/tmp/RackMultipart20170217-10617-1bfln6c.csv>, @original_filename="Hita_Nov Transactions.csv", @content_type="text/csv", @headers="Content-Disposition: form-data; name=\"user_csv_upload[name]\"; filename=\"Hita_Nov Transactions.csv\"\r\nContent-Type: text/csv\r\n">}, "commit"=>"upload"}
Completed 500 Internal Server Error in 18ms

TypeError (no implicit conversion of nil into String):
  app/controllers/user_csv_uploads_controller.rb:33:in `create'


  Rendered /home/srikanth/.rvm/gems/ruby-2.3.3/gems/actionpack-4.2.6/lib/action_dispatch/middleware/templates/rescues/_source.erb (2.8ms)
  Rendered /home/srikanth/.rvm/gems/ruby-2.3.3/gems/actionpack-4.2.6/lib/action_dispatch/middleware/templates/rescues/_trace.html.erb (1.4ms)
  Rendered /home/srikanth/.rvm/gems/ruby-2.3.3/gems/actionpack-4.2.6/lib/action_dispatch/middleware/templates/rescues/_request_and_response.html.erb (0.8ms)
  Rendered /home/srikanth/.rvm/gems/ruby-2.3.3/gems/actionpack-4.2.6/lib/action_dispatch/middleware/templates/rescues/diagnostics.html.erb within rescues/layout (16.3ms)
  Rendered /home/srikanth/.rvm/gems/ruby-2.3.3/gems/web-console-2.3.0/lib/web_console/templates/_markup.html.erb (0.3ms)
  Rendered /home/srikanth/.rvm/gems/ruby-2.3.3/gems/web-console-2.3.0/lib/web_console/templates/_inner_console_markup.html.erb within layouts/inlined_string (0.2ms)
  Rendered /home/srikanth/.rvm/gems/ruby-2.3.3/gems/web-console-2.3.0/lib/web_console/templates/_prompt_box_markup.html.erb within layouts/inlined_string (0.3ms)
  Rendered /home/srikanth/.rvm/gems/ruby-2.3.3/gems/web-console-2.3.0/lib/web_console/templates/style.css.erb within layouts/inlined_string (0.2ms)
  Rendered /home/srikanth/.rvm/gems/ruby-2.3.3/gems/web-console-2.3.0/lib/web_console/templates/console.js.erb within layouts/javascript (16.5ms)
  Rendered /home/srikanth/.rvm/gems/ruby-2.3.3/gems/web-console-2.3.0/lib/web_console/templates/main.js.erb within layouts/javascript (0.2ms)
  Rendered /home/srikanth/.rvm/gems/ruby-2.3.3/gems/web-console-2.3.0/lib/web_console/templates/error_page.js.erb within layouts/javascript (0.3ms)
  Rendered /home/srikanth/.rvm/gems/ruby-2.3.3/gems/web-console-2.3.0/lib/web_console/templates/index.html.erb (29.7ms)


Started GET "/" for 127.0.0.1 at 2017-02-17 18:53:47 +0530
Processing by Rails::WelcomeController#index as HTML
  Rendered /home/srikanth/.rvm/gems/ruby-2.3.3/gems/railties-4.2.6/lib/rails/templates/rails/welcome/index.html.erb (0.5ms)
Completed 200 OK in 3ms (Views: 3.0ms)


Started GET "/user_csv_uploads" for 127.0.0.1 at 2017-02-17 18:53:50 +0530
Processing by UserCsvUploadsController#index as HTML
MONGODB | Topology type 'unknown' initializing.
MONGODB | Server localhost:27017 initializing.
MONGODB | Topology type 'unknown' changed to type 'single'.
MONGODB | Server description for localhost:27017 changed from 'unknown' to 'standalone'.
MONGODB | There was a change in the members of the 'single' topology.
MONGODB | localhost:27017 | user_csv_development.find | STARTED | {"find"=>"user_csv_uploads", "filter"=>{}}
MONGODB | localhost:27017 | user_csv_development.find | SUCCEEDED | 0.002555727s
  Rendered user_csv_uploads/index.html.erb within layouts/application (9.0ms)
Completed 200 OK in 209ms (Views: 208.4ms)


Started GET "/user_csv_uploads/new" for 127.0.0.1 at 2017-02-17 18:53:53 +0530
Processing by UserCsvUploadsController#new as HTML
  Rendered user_csv_uploads/_form.html.erb (9.8ms)
  Rendered user_csv_uploads/new.html.erb within layouts/application (10.6ms)
Completed 200 OK in 21ms (Views: 20.5ms)


Started POST "/user_csv_uploads" for 127.0.0.1 at 2017-02-17 18:53:58 +0530
Processing by UserCsvUploadsController#create as HTML
  Parameters: {"utf8"=>"✓", "authenticity_token"=>"GD/leGD4VEx8C4y24qZe/nv6eGmA33zco3Axvip9vzqDR9jCtBiQTHo+vrUzR+1a1+02MyK9nPLFnOKCNrHjDA==", "user_csv_upload"=>{"name"=>#<ActionDispatch::Http::UploadedFile:0x00000003177278 @tempfile=#<Tempfile:/tmp/RackMultipart20170217-10617-68bxxl.csv>, @original_filename="Hita_Nov Transactions.csv", @content_type="text/csv", @headers="Content-Disposition: form-data; name=\"user_csv_upload[name]\"; filename=\"Hita_Nov Transactions.csv\"\r\nContent-Type: text/csv\r\n">}, "commit"=>"upload"}
Completed 500 Internal Server Error in 3ms

TypeError (no implicit conversion of nil into String):
  app/controllers/user_csv_uploads_controller.rb:33:in `create'


  Rendered /home/srikanth/.rvm/gems/ruby-2.3.3/gems/actionpack-4.2.6/lib/action_dispatch/middleware/templates/rescues/_source.erb (3.4ms)
  Rendered /home/srikanth/.rvm/gems/ruby-2.3.3/gems/actionpack-4.2.6/lib/action_dispatch/middleware/templates/rescues/_trace.html.erb (1.3ms)
  Rendered /home/srikanth/.rvm/gems/ruby-2.3.3/gems/actionpack-4.2.6/lib/action_dispatch/middleware/templates/rescues/_request_and_response.html.erb (0.7ms)
  Rendered /home/srikanth/.rvm/gems/ruby-2.3.3/gems/actionpack-4.2.6/lib/action_dispatch/middleware/templates/rescues/diagnostics.html.erb within rescues/layout (15.7ms)
  Rendered /home/srikanth/.rvm/gems/ruby-2.3.3/gems/web-console-2.3.0/lib/web_console/templates/_markup.html.erb (0.3ms)
  Rendered /home/srikanth/.rvm/gems/ruby-2.3.3/gems/web-console-2.3.0/lib/web_console/templates/_inner_console_markup.html.erb within layouts/inlined_string (0.2ms)
  Rendered /home/srikanth/.rvm/gems/ruby-2.3.3/gems/web-console-2.3.0/lib/web_console/templates/_prompt_box_markup.html.erb within layouts/inlined_string (0.3ms)
  Rendered /home/srikanth/.rvm/gems/ruby-2.3.3/gems/web-console-2.3.0/lib/web_console/templates/style.css.erb within layouts/inlined_string (0.5ms)
  Rendered /home/srikanth/.rvm/gems/ruby-2.3.3/gems/web-console-2.3.0/lib/web_console/templates/console.js.erb within layouts/javascript (13.0ms)
  Rendered /home/srikanth/.rvm/gems/ruby-2.3.3/gems/web-console-2.3.0/lib/web_console/templates/main.js.erb within layouts/javascript (0.2ms)
  Rendered /home/srikanth/.rvm/gems/ruby-2.3.3/gems/web-console-2.3.0/lib/web_console/templates/error_page.js.erb within layouts/javascript (0.3ms)
  Rendered /home/srikanth/.rvm/gems/ruby-2.3.3/gems/web-console-2.3.0/lib/web_console/templates/index.html.erb (25.9ms)


Started GET "/" for 127.0.0.1 at 2017-02-17 18:55:32 +0530
Processing by Rails::WelcomeController#index as HTML
  Rendered /home/srikanth/.rvm/gems/ruby-2.3.3/gems/railties-4.2.6/lib/rails/templates/rails/welcome/index.html.erb (1.0ms)
Completed 200 OK in 12ms (Views: 6.0ms)


Started GET "/user_csv_uploads" for 127.0.0.1 at 2017-02-17 18:55:38 +0530

SyntaxError (/home/srikanth/NetBeansProjects/user_csv/app/controllers/user_csv_uploads_controller.rb:34: syntax error, unexpected tSTRING_BEG, expecting ':'
...uploaded_io.original_filename ""
...                               ^):
  app/controllers/user_csv_uploads_controller.rb:34: syntax error, unexpected tSTRING_BEG, expecting ':'


  Rendered /home/srikanth/.rvm/gems/ruby-2.3.3/gems/actionpack-4.2.6/lib/action_dispatch/middleware/templates/rescues/_source.erb (2.7ms)
  Rendered /home/srikanth/.rvm/gems/ruby-2.3.3/gems/actionpack-4.2.6/lib/action_dispatch/middleware/templates/rescues/_trace.html.erb (2.2ms)
  Rendered /home/srikanth/.rvm/gems/ruby-2.3.3/gems/actionpack-4.2.6/lib/action_dispatch/middleware/templates/rescues/_request_and_response.html.erb (1.0ms)
  Rendered /home/srikanth/.rvm/gems/ruby-2.3.3/gems/actionpack-4.2.6/lib/action_dispatch/middleware/templates/rescues/diagnostics.html.erb within rescues/layout (17.6ms)
  Rendered /home/srikanth/.rvm/gems/ruby-2.3.3/gems/web-console-2.3.0/lib/web_console/templates/_markup.html.erb (0.3ms)
  Rendered /home/srikanth/.rvm/gems/ruby-2.3.3/gems/web-console-2.3.0/lib/web_console/templates/_inner_console_markup.html.erb within layouts/inlined_string (0.7ms)
  Rendered /home/srikanth/.rvm/gems/ruby-2.3.3/gems/web-console-2.3.0/lib/web_console/templates/_prompt_box_markup.html.erb within layouts/inlined_string (0.2ms)
  Rendered /home/srikanth/.rvm/gems/ruby-2.3.3/gems/web-console-2.3.0/lib/web_console/templates/style.css.erb within layouts/inlined_string (0.4ms)
  Rendered /home/srikanth/.rvm/gems/ruby-2.3.3/gems/web-console-2.3.0/lib/web_console/templates/console.js.erb within layouts/javascript (19.1ms)
  Rendered /home/srikanth/.rvm/gems/ruby-2.3.3/gems/web-console-2.3.0/lib/web_console/templates/main.js.erb within layouts/javascript (0.3ms)
  Rendered /home/srikanth/.rvm/gems/ruby-2.3.3/gems/web-console-2.3.0/lib/web_console/templates/error_page.js.erb within layouts/javascript (0.5ms)
  Rendered /home/srikanth/.rvm/gems/ruby-2.3.3/gems/web-console-2.3.0/lib/web_console/templates/index.html.erb (36.4ms)


Started GET "/user_csv_uploads" for 127.0.0.1 at 2017-02-17 18:55:54 +0530

SyntaxError (/home/srikanth/NetBeansProjects/user_csv/app/controllers/user_csv_uploads_controller.rb:34: syntax error, unexpected tSYMBEG, expecting ':'
...ploaded_io.original_filename :""
...                               ^):
  app/controllers/user_csv_uploads_controller.rb:34: syntax error, unexpected tSYMBEG, expecting ':'


  Rendered /home/srikanth/.rvm/gems/ruby-2.3.3/gems/actionpack-4.2.6/lib/action_dispatch/middleware/templates/rescues/_source.erb (3.1ms)
  Rendered /home/srikanth/.rvm/gems/ruby-2.3.3/gems/actionpack-4.2.6/lib/action_dispatch/middleware/templates/rescues/_trace.html.erb (1.8ms)
  Rendered /home/srikanth/.rvm/gems/ruby-2.3.3/gems/actionpack-4.2.6/lib/action_dispatch/middleware/templates/rescues/_request_and_response.html.erb (0.9ms)
  Rendered /home/srikanth/.rvm/gems/ruby-2.3.3/gems/actionpack-4.2.6/lib/action_dispatch/middleware/templates/rescues/diagnostics.html.erb within rescues/layout (16.8ms)
  Rendered /home/srikanth/.rvm/gems/ruby-2.3.3/gems/web-console-2.3.0/lib/web_console/templates/_markup.html.erb (0.2ms)
  Rendered /home/srikanth/.rvm/gems/ruby-2.3.3/gems/web-console-2.3.0/lib/web_console/templates/_inner_console_markup.html.erb within layouts/inlined_string (0.2ms)
  Rendered /home/srikanth/.rvm/gems/ruby-2.3.3/gems/web-console-2.3.0/lib/web_console/templates/_prompt_box_markup.html.erb within layouts/inlined_string (0.2ms)
  Rendered /home/srikanth/.rvm/gems/ruby-2.3.3/gems/web-console-2.3.0/lib/web_console/templates/style.css.erb within layouts/inlined_string (0.3ms)
  Rendered /home/srikanth/.rvm/gems/ruby-2.3.3/gems/web-console-2.3.0/lib/web_console/templates/console.js.erb within layouts/javascript (12.5ms)
  Rendered /home/srikanth/.rvm/gems/ruby-2.3.3/gems/web-console-2.3.0/lib/web_console/templates/main.js.erb within layouts/javascript (0.5ms)
  Rendered /home/srikanth/.rvm/gems/ruby-2.3.3/gems/web-console-2.3.0/lib/web_console/templates/error_page.js.erb within layouts/javascript (0.5ms)
  Rendered /home/srikanth/.rvm/gems/ruby-2.3.3/gems/web-console-2.3.0/lib/web_console/templates/index.html.erb (27.4ms)


Started GET "/user_csv_uploads" for 127.0.0.1 at 2017-02-17 18:55:57 +0530

SyntaxError (/home/srikanth/NetBeansProjects/user_csv/app/controllers/user_csv_uploads_controller.rb:34: syntax error, unexpected tSYMBEG, expecting ':'
...ploaded_io.original_filename :""
...                               ^):
  app/controllers/user_csv_uploads_controller.rb:34: syntax error, unexpected tSYMBEG, expecting ':'


  Rendered /home/srikanth/.rvm/gems/ruby-2.3.3/gems/actionpack-4.2.6/lib/action_dispatch/middleware/templates/rescues/_source.erb (3.7ms)
  Rendered /home/srikanth/.rvm/gems/ruby-2.3.3/gems/actionpack-4.2.6/lib/action_dispatch/middleware/templates/rescues/_trace.html.erb (1.9ms)
  Rendered /home/srikanth/.rvm/gems/ruby-2.3.3/gems/actionpack-4.2.6/lib/action_dispatch/middleware/templates/rescues/_request_and_response.html.erb (1.4ms)
  Rendered /home/srikanth/.rvm/gems/ruby-2.3.3/gems/actionpack-4.2.6/lib/action_dispatch/middleware/templates/rescues/diagnostics.html.erb within rescues/layout (18.3ms)
  Rendered /home/srikanth/.rvm/gems/ruby-2.3.3/gems/web-console-2.3.0/lib/web_console/templates/_markup.html.erb (0.2ms)
  Rendered /home/srikanth/.rvm/gems/ruby-2.3.3/gems/web-console-2.3.0/lib/web_console/templates/_inner_console_markup.html.erb within layouts/inlined_string (0.2ms)
  Rendered /home/srikanth/.rvm/gems/ruby-2.3.3/gems/web-console-2.3.0/lib/web_console/templates/_prompt_box_markup.html.erb within layouts/inlined_string (0.2ms)
  Rendered /home/srikanth/.rvm/gems/ruby-2.3.3/gems/web-console-2.3.0/lib/web_console/templates/style.css.erb within layouts/inlined_string (0.3ms)
  Rendered /home/srikanth/.rvm/gems/ruby-2.3.3/gems/web-console-2.3.0/lib/web_console/templates/console.js.erb within layouts/javascript (14.0ms)
  Rendered /home/srikanth/.rvm/gems/ruby-2.3.3/gems/web-console-2.3.0/lib/web_console/templates/main.js.erb within layouts/javascript (0.2ms)
  Rendered /home/srikanth/.rvm/gems/ruby-2.3.3/gems/web-console-2.3.0/lib/web_console/templates/error_page.js.erb within layouts/javascript (0.3ms)
  Rendered /home/srikanth/.rvm/gems/ruby-2.3.3/gems/web-console-2.3.0/lib/web_console/templates/index.html.erb (26.8ms)


Started GET "/" for 127.0.0.1 at 2017-02-17 18:59:19 +0530
Processing by Rails::WelcomeController#index as HTML
  Rendered /home/srikanth/.rvm/gems/ruby-2.3.3/gems/railties-4.2.6/lib/rails/templates/rails/welcome/index.html.erb (1.0ms)
Completed 200 OK in 12ms (Views: 6.4ms)


Started GET "/user_csv_uploads" for 127.0.0.1 at 2017-02-17 18:59:23 +0530

SyntaxError (/home/srikanth/NetBeansProjects/user_csv/app/controllers/user_csv_uploads_controller.rb:34: syntax error, unexpected tSYMBEG, expecting ':'
...ploaded_io.original_filename :""
...                               ^):
  app/controllers/user_csv_uploads_controller.rb:34: syntax error, unexpected tSYMBEG, expecting ':'


  Rendered /home/srikanth/.rvm/gems/ruby-2.3.3/gems/actionpack-4.2.6/lib/action_dispatch/middleware/templates/rescues/_source.erb (2.5ms)
  Rendered /home/srikanth/.rvm/gems/ruby-2.3.3/gems/actionpack-4.2.6/lib/action_dispatch/middleware/templates/rescues/_trace.html.erb (2.2ms)
  Rendered /home/srikanth/.rvm/gems/ruby-2.3.3/gems/actionpack-4.2.6/lib/action_dispatch/middleware/templates/rescues/_request_and_response.html.erb (1.2ms)
  Rendered /home/srikanth/.rvm/gems/ruby-2.3.3/gems/actionpack-4.2.6/lib/action_dispatch/middleware/templates/rescues/diagnostics.html.erb within rescues/layout (18.5ms)
  Rendered /home/srikanth/.rvm/gems/ruby-2.3.3/gems/web-console-2.3.0/lib/web_console/templates/_markup.html.erb (0.4ms)
  Rendered /home/srikanth/.rvm/gems/ruby-2.3.3/gems/web-console-2.3.0/lib/web_console/templates/_inner_console_markup.html.erb within layouts/inlined_string (0.6ms)
  Rendered /home/srikanth/.rvm/gems/ruby-2.3.3/gems/web-console-2.3.0/lib/web_console/templates/_prompt_box_markup.html.erb within layouts/inlined_string (0.2ms)
  Rendered /home/srikanth/.rvm/gems/ruby-2.3.3/gems/web-console-2.3.0/lib/web_console/templates/style.css.erb within layouts/inlined_string (0.3ms)
  Rendered /home/srikanth/.rvm/gems/ruby-2.3.3/gems/web-console-2.3.0/lib/web_console/templates/console.js.erb within layouts/javascript (17.7ms)
  Rendered /home/srikanth/.rvm/gems/ruby-2.3.3/gems/web-console-2.3.0/lib/web_console/templates/main.js.erb within layouts/javascript (0.2ms)
  Rendered /home/srikanth/.rvm/gems/ruby-2.3.3/gems/web-console-2.3.0/lib/web_console/templates/error_page.js.erb within layouts/javascript (0.3ms)
  Rendered /home/srikanth/.rvm/gems/ruby-2.3.3/gems/web-console-2.3.0/lib/web_console/templates/index.html.erb (34.5ms)


Started GET "/" for 127.0.0.1 at 2017-02-17 18:59:57 +0530
Processing by Rails::WelcomeController#index as HTML
  Rendered /home/srikanth/.rvm/gems/ruby-2.3.3/gems/railties-4.2.6/lib/rails/templates/rails/welcome/index.html.erb (1.0ms)
Completed 200 OK in 12ms (Views: 5.8ms)


Started GET "/user_csv_uploads" for 127.0.0.1 at 2017-02-17 19:00:01 +0530
Processing by UserCsvUploadsController#index as HTML
MONGODB | Topology type 'unknown' initializing.
MONGODB | Server localhost:27017 initializing.
MONGODB | Topology type 'unknown' changed to type 'single'.
MONGODB | Server description for localhost:27017 changed from 'unknown' to 'standalone'.
MONGODB | There was a change in the members of the 'single' topology.
MONGODB | localhost:27017 | user_csv_development.find | STARTED | {"find"=>"user_csv_uploads", "filter"=>{}}
MONGODB | localhost:27017 | user_csv_development.find | SUCCEEDED | 0.003860005s
  Rendered user_csv_uploads/index.html.erb within layouts/application (9.1ms)
Completed 200 OK in 188ms (Views: 178.6ms)


Started GET "/user_csv_uploads/new" for 127.0.0.1 at 2017-02-17 19:00:03 +0530
Processing by UserCsvUploadsController#new as HTML
  Rendered user_csv_uploads/_form.html.erb (15.3ms)
  Rendered user_csv_uploads/new.html.erb within layouts/application (19.2ms)
Completed 200 OK in 31ms (Views: 30.5ms)


Started POST "/user_csv_uploads" for 127.0.0.1 at 2017-02-17 19:00:13 +0530
Processing by UserCsvUploadsController#create as HTML
  Parameters: {"utf8"=>"✓", "authenticity_token"=>"hH7C0CTc2y1iqMnL/XNo8FZ3lmdjUlv8Gug4mgXfFsAfBv9q8DwfLWSd+8gskttU+mDYPcEwu9J8BOumGRNK9g==", "user_csv_upload"=>{"name"=>#<ActionDispatch::Http::UploadedFile:0x0000000350da40 @tempfile=#<Tempfile:/tmp/RackMultipart20170217-10998-9pf7g9.csv>, @original_filename="Hita_Nov Transactions.csv", @content_type="text/csv", @headers="Content-Disposition: form-data; name=\"user_csv_upload[name]\"; filename=\"Hita_Nov Transactions.csv\"\r\nContent-Type: text/csv\r\n">}, "commit"=>"upload"}
Completed 500 Internal Server Error in 4ms

NoMethodError (undefined method `original_filename' for nil:NilClass):
  app/controllers/user_csv_uploads_controller.rb:30:in `create'


  Rendered /home/srikanth/.rvm/gems/ruby-2.3.3/gems/actionpack-4.2.6/lib/action_dispatch/middleware/templates/rescues/_source.erb (2.6ms)
  Rendered /home/srikanth/.rvm/gems/ruby-2.3.3/gems/actionpack-4.2.6/lib/action_dispatch/middleware/templates/rescues/_trace.html.erb (1.3ms)
  Rendered /home/srikanth/.rvm/gems/ruby-2.3.3/gems/actionpack-4.2.6/lib/action_dispatch/middleware/templates/rescues/_request_and_response.html.erb (1.0ms)
  Rendered /home/srikanth/.rvm/gems/ruby-2.3.3/gems/actionpack-4.2.6/lib/action_dispatch/middleware/templates/rescues/diagnostics.html.erb within rescues/layout (15.3ms)
  Rendered /home/srikanth/.rvm/gems/ruby-2.3.3/gems/web-console-2.3.0/lib/web_console/templates/_markup.html.erb (0.3ms)
  Rendered /home/srikanth/.rvm/gems/ruby-2.3.3/gems/web-console-2.3.0/lib/web_console/templates/_inner_console_markup.html.erb within layouts/inlined_string (0.2ms)
  Rendered /home/srikanth/.rvm/gems/ruby-2.3.3/gems/web-console-2.3.0/lib/web_console/templates/_prompt_box_markup.html.erb within layouts/inlined_string (0.3ms)
  Rendered /home/srikanth/.rvm/gems/ruby-2.3.3/gems/web-console-2.3.0/lib/web_console/templates/style.css.erb within layouts/inlined_string (0.3ms)
  Rendered /home/srikanth/.rvm/gems/ruby-2.3.3/gems/web-console-2.3.0/lib/web_console/templates/console.js.erb within layouts/javascript (13.3ms)
  Rendered /home/srikanth/.rvm/gems/ruby-2.3.3/gems/web-console-2.3.0/lib/web_console/templates/main.js.erb within layouts/javascript (0.2ms)
  Rendered /home/srikanth/.rvm/gems/ruby-2.3.3/gems/web-console-2.3.0/lib/web_console/templates/error_page.js.erb within layouts/javascript (0.3ms)
  Rendered /home/srikanth/.rvm/gems/ruby-2.3.3/gems/web-console-2.3.0/lib/web_console/templates/index.html.erb (25.6ms)


Started GET "/" for 127.0.0.1 at 2017-02-17 19:03:01 +0530
Processing by Rails::WelcomeController#index as HTML
  Rendered /home/srikanth/.rvm/gems/ruby-2.3.3/gems/railties-4.2.6/lib/rails/templates/rails/welcome/index.html.erb (1.0ms)
Completed 200 OK in 13ms (Views: 6.3ms)


Started GET "/user_csv_uploads" for 127.0.0.1 at 2017-02-17 19:03:05 +0530
Processing by UserCsvUploadsController#index as HTML
MONGODB | Topology type 'unknown' initializing.
MONGODB | Server localhost:27017 initializing.
MONGODB | Topology type 'unknown' changed to type 'single'.
MONGODB | Server description for localhost:27017 changed from 'unknown' to 'standalone'.
MONGODB | There was a change in the members of the 'single' topology.
MONGODB | localhost:27017 | user_csv_development.find | STARTED | {"find"=>"user_csv_uploads", "filter"=>{}}
MONGODB | localhost:27017 | user_csv_development.find | SUCCEEDED | 0.0017486399999999999s
  Rendered user_csv_uploads/index.html.erb within layouts/application (10.1ms)
Completed 200 OK in 215ms (Views: 202.1ms)


Started GET "/" for 127.0.0.1 at 2017-02-17 19:03:08 +0530
Processing by Rails::WelcomeController#index as HTML
  Rendered /home/srikanth/.rvm/gems/ruby-2.3.3/gems/railties-4.2.6/lib/rails/templates/rails/welcome/index.html.erb (0.0ms)
Completed 200 OK in 1ms (Views: 0.7ms)


Started GET "/user_csv_uploads" for 127.0.0.1 at 2017-02-17 19:03:11 +0530
Processing by UserCsvUploadsController#index as HTML
MONGODB | localhost:27017 | user_csv_development.find | STARTED | {"find"=>"user_csv_uploads", "filter"=>{}}
MONGODB | localhost:27017 | user_csv_development.find | SUCCEEDED | 0.0013471639999999999s
  Rendered user_csv_uploads/index.html.erb within layouts/application (4.6ms)
Completed 200 OK in 19ms (Views: 18.5ms)


Started GET "/user_csv_uploads/new" for 127.0.0.1 at 2017-02-17 19:03:14 +0530
Processing by UserCsvUploadsController#new as HTML
  Rendered user_csv_uploads/_form.html.erb (14.9ms)
  Rendered user_csv_uploads/new.html.erb within layouts/application (18.3ms)
Completed 200 OK in 45ms (Views: 44.5ms)


Started POST "/user_csv_uploads" for 127.0.0.1 at 2017-02-17 19:03:21 +0530
Processing by UserCsvUploadsController#create as HTML
  Parameters: {"utf8"=>"✓", "authenticity_token"=>"0RZC06NYzOeuClynaS2P0sYWwdBgGc8xzLcsYbv8rddKbn9pd7gI56g/bqS4zDx2agGPisJ7Lx+qW/9dpzDx4Q==", "user_csv_upload"=>{"name"=>#<ActionDispatch::Http::UploadedFile:0x007f356d1f6428 @tempfile=#<Tempfile:/tmp/RackMultipart20170217-11162-1kbv180.csv>, @original_filename="Transactions.csv", @content_type="text/csv", @headers="Content-Disposition: form-data; name=\"user_csv_upload[name]\"; filename=\"Transactions.csv\"\r\nContent-Type: text/csv\r\n">}, "commit"=>"upload"}
Completed 500 Internal Server Error in 5ms

NoMethodError (undefined method `original_filename' for nil:NilClass):
  app/controllers/user_csv_uploads_controller.rb:30:in `create'


  Rendered /home/srikanth/.rvm/gems/ruby-2.3.3/gems/actionpack-4.2.6/lib/action_dispatch/middleware/templates/rescues/_source.erb (2.6ms)
  Rendered /home/srikanth/.rvm/gems/ruby-2.3.3/gems/actionpack-4.2.6/lib/action_dispatch/middleware/templates/rescues/_trace.html.erb (1.5ms)
  Rendered /home/srikanth/.rvm/gems/ruby-2.3.3/gems/actionpack-4.2.6/lib/action_dispatch/middleware/templates/rescues/_request_and_response.html.erb (0.9ms)
  Rendered /home/srikanth/.rvm/gems/ruby-2.3.3/gems/actionpack-4.2.6/lib/action_dispatch/middleware/templates/rescues/diagnostics.html.erb within rescues/layout (15.8ms)
  Rendered /home/srikanth/.rvm/gems/ruby-2.3.3/gems/web-console-2.3.0/lib/web_console/templates/_markup.html.erb (0.3ms)
  Rendered /home/srikanth/.rvm/gems/ruby-2.3.3/gems/web-console-2.3.0/lib/web_console/templates/_inner_console_markup.html.erb within layouts/inlined_string (0.2ms)
  Rendered /home/srikanth/.rvm/gems/ruby-2.3.3/gems/web-console-2.3.0/lib/web_console/templates/_prompt_box_markup.html.erb within layouts/inlined_string (0.3ms)
  Rendered /home/srikanth/.rvm/gems/ruby-2.3.3/gems/web-console-2.3.0/lib/web_console/templates/style.css.erb within layouts/inlined_string (0.3ms)
  Rendered /home/srikanth/.rvm/gems/ruby-2.3.3/gems/web-console-2.3.0/lib/web_console/templates/console.js.erb within layouts/javascript (13.0ms)
  Rendered /home/srikanth/.rvm/gems/ruby-2.3.3/gems/web-console-2.3.0/lib/web_console/templates/main.js.erb within layouts/javascript (0.2ms)
  Rendered /home/srikanth/.rvm/gems/ruby-2.3.3/gems/web-console-2.3.0/lib/web_console/templates/error_page.js.erb within layouts/javascript (0.3ms)
  Rendered /home/srikanth/.rvm/gems/ruby-2.3.3/gems/web-console-2.3.0/lib/web_console/templates/index.html.erb (25.2ms)


Started GET "/" for 127.0.0.1 at 2017-02-17 19:05:09 +0530
Processing by Rails::WelcomeController#index as HTML
  Rendered /home/srikanth/.rvm/gems/ruby-2.3.3/gems/railties-4.2.6/lib/rails/templates/rails/welcome/index.html.erb (1.0ms)
Completed 200 OK in 12ms (Views: 5.9ms)


Started GET "/user_csv_uploads" for 127.0.0.1 at 2017-02-17 19:05:13 +0530
Processing by UserCsvUploadsController#index as HTML
MONGODB | Topology type 'unknown' initializing.
MONGODB | Server localhost:27017 initializing.
MONGODB | Topology type 'unknown' changed to type 'single'.
MONGODB | Server description for localhost:27017 changed from 'unknown' to 'standalone'.
MONGODB | There was a change in the members of the 'single' topology.
MONGODB | localhost:27017 | user_csv_development.find | STARTED | {"find"=>"user_csv_uploads", "filter"=>{}}
MONGODB | localhost:27017 | user_csv_development.find | SUCCEEDED | 0.002671112s
  Rendered user_csv_uploads/index.html.erb within layouts/application (9.7ms)
Completed 200 OK in 206ms (Views: 194.7ms)


Started GET "/user_csv_uploads/new" for 127.0.0.1 at 2017-02-17 19:05:15 +0530
Processing by UserCsvUploadsController#new as HTML
  Rendered user_csv_uploads/_form.html.erb (12.3ms)
  Rendered user_csv_uploads/new.html.erb within layouts/application (15.8ms)
Completed 200 OK in 29ms (Views: 28.6ms)


Started POST "/user_csv_uploads" for 127.0.0.1 at 2017-02-17 19:05:20 +0530
Processing by UserCsvUploadsController#create as HTML
  Parameters: {"utf8"=>"✓", "authenticity_token"=>"6gJFQoAAkLRG0jE3XT5Cy7kbE+OyWP2BU0DpbFcRes1xenj4VOBUtEDnAzSM3/FvFQxduRA6Ha81rDpQS90m+w==", "user_csv_upload"=>{"name"=>#<ActionDispatch::Http::UploadedFile:0x00000003e70420 @tempfile=#<Tempfile:/tmp/RackMultipart20170217-11330-ehzqk4.csv>, @original_filename="Transactions.csv", @content_type="text/csv", @headers="Content-Disposition: form-data; name=\"user_csv_upload[name]\"; filename=\"Transactions.csv\"\r\nContent-Type: text/csv\r\n">}, "commit"=>"upload"}
Completed 500 Internal Server Error in 184053ms

NoMethodError (undefined method `original_filename' for nil:NilClass):
  app/controllers/user_csv_uploads_controller.rb:31:in `create'


  Rendered /home/srikanth/.rvm/gems/ruby-2.3.3/gems/actionpack-4.2.6/lib/action_dispatch/middleware/templates/rescues/_source.erb (2.7ms)
  Rendered /home/srikanth/.rvm/gems/ruby-2.3.3/gems/actionpack-4.2.6/lib/action_dispatch/middleware/templates/rescues/_trace.html.erb (1.3ms)
  Rendered /home/srikanth/.rvm/gems/ruby-2.3.3/gems/actionpack-4.2.6/lib/action_dispatch/middleware/templates/rescues/_request_and_response.html.erb (0.7ms)
  Rendered /home/srikanth/.rvm/gems/ruby-2.3.3/gems/actionpack-4.2.6/lib/action_dispatch/middleware/templates/rescues/diagnostics.html.erb within rescues/layout (15.0ms)
  Rendered /home/srikanth/.rvm/gems/ruby-2.3.3/gems/web-console-2.3.0/lib/web_console/templates/_markup.html.erb (0.3ms)
  Rendered /home/srikanth/.rvm/gems/ruby-2.3.3/gems/web-console-2.3.0/lib/web_console/templates/_inner_console_markup.html.erb within layouts/inlined_string (0.3ms)
  Rendered /home/srikanth/.rvm/gems/ruby-2.3.3/gems/web-console-2.3.0/lib/web_console/templates/_prompt_box_markup.html.erb within layouts/inlined_string (0.2ms)
  Rendered /home/srikanth/.rvm/gems/ruby-2.3.3/gems/web-console-2.3.0/lib/web_console/templates/style.css.erb within layouts/inlined_string (0.3ms)
  Rendered /home/srikanth/.rvm/gems/ruby-2.3.3/gems/web-console-2.3.0/lib/web_console/templates/console.js.erb within layouts/javascript (12.7ms)
  Rendered /home/srikanth/.rvm/gems/ruby-2.3.3/gems/web-console-2.3.0/lib/web_console/templates/main.js.erb within layouts/javascript (0.3ms)
  Rendered /home/srikanth/.rvm/gems/ruby-2.3.3/gems/web-console-2.3.0/lib/web_console/templates/error_page.js.erb within layouts/javascript (0.3ms)
  Rendered /home/srikanth/.rvm/gems/ruby-2.3.3/gems/web-console-2.3.0/lib/web_console/templates/index.html.erb (25.9ms)


Started GET "/" for 127.0.0.1 at 2017-02-17 19:09:01 +0530
Processing by Rails::WelcomeController#index as HTML
  Rendered /home/srikanth/.rvm/gems/ruby-2.3.3/gems/railties-4.2.6/lib/rails/templates/rails/welcome/index.html.erb (1.0ms)
Completed 200 OK in 20ms (Views: 14.0ms)


Started GET "/user_csv_uploads" for 127.0.0.1 at 2017-02-17 19:09:04 +0530
Processing by UserCsvUploadsController#index as HTML
MONGODB | Topology type 'unknown' initializing.
MONGODB | Server localhost:27017 initializing.
MONGODB | Topology type 'unknown' changed to type 'single'.
MONGODB | Server description for localhost:27017 changed from 'unknown' to 'standalone'.
MONGODB | There was a change in the members of the 'single' topology.
MONGODB | localhost:27017 | user_csv_development.find | STARTED | {"find"=>"user_csv_uploads", "filter"=>{}}
MONGODB | localhost:27017 | user_csv_development.find | SUCCEEDED | 0.002257171s
  Rendered user_csv_uploads/index.html.erb within layouts/application (10.5ms)
Completed 200 OK in 211ms (Views: 201.1ms)


Started GET "/user_csv_uploads/new" for 127.0.0.1 at 2017-02-17 19:09:06 +0530
Processing by UserCsvUploadsController#new as HTML
  Rendered user_csv_uploads/_form.html.erb (11.7ms)
  Rendered user_csv_uploads/new.html.erb within layouts/application (18.8ms)
Completed 200 OK in 33ms (Views: 32.3ms)


Started POST "/user_csv_uploads" for 127.0.0.1 at 2017-02-17 19:09:11 +0530
Processing by UserCsvUploadsController#create as HTML
  Parameters: {"utf8"=>"✓", "authenticity_token"=>"njqffJdPDanrBbsKAe4t+jc5EWpxaCtvnLViPxPpv2QFQqLGQ6/Jqe0wiQnQD55emy5fMNMKy0H6WbEDDyXjUg==", "user_csv_upload"=>{"name"=>#<ActionDispatch::Http::UploadedFile:0x000000024c5c50 @tempfile=#<Tempfile:/tmp/RackMultipart20170217-11524-1n5hdup.csv>, @original_filename="Transactions.csv", @content_type="text/csv", @headers="Content-Disposition: form-data; name=\"user_csv_upload[name]\"; filename=\"Transactions.csv\"\r\nContent-Type: text/csv\r\n">}, "commit"=>"upload"}
Completed 500 Internal Server Error in 7ms

NoMethodError (undefined method `original_filename' for nil:NilClass):
  app/controllers/user_csv_uploads_controller.rb:30:in `create'


  Rendered /home/srikanth/.rvm/gems/ruby-2.3.3/gems/actionpack-4.2.6/lib/action_dispatch/middleware/templates/rescues/_source.erb (2.8ms)
  Rendered /home/srikanth/.rvm/gems/ruby-2.3.3/gems/actionpack-4.2.6/lib/action_dispatch/middleware/templates/rescues/_trace.html.erb (1.7ms)
  Rendered /home/srikanth/.rvm/gems/ruby-2.3.3/gems/actionpack-4.2.6/lib/action_dispatch/middleware/templates/rescues/_request_and_response.html.erb (0.7ms)
  Rendered /home/srikanth/.rvm/gems/ruby-2.3.3/gems/actionpack-4.2.6/lib/action_dispatch/middleware/templates/rescues/diagnostics.html.erb within rescues/layout (15.5ms)
  Rendered /home/srikanth/.rvm/gems/ruby-2.3.3/gems/web-console-2.3.0/lib/web_console/templates/_markup.html.erb (0.3ms)
  Rendered /home/srikanth/.rvm/gems/ruby-2.3.3/gems/web-console-2.3.0/lib/web_console/templates/_inner_console_markup.html.erb within layouts/inlined_string (0.3ms)
  Rendered /home/srikanth/.rvm/gems/ruby-2.3.3/gems/web-console-2.3.0/lib/web_console/templates/_prompt_box_markup.html.erb within layouts/inlined_string (0.2ms)
  Rendered /home/srikanth/.rvm/gems/ruby-2.3.3/gems/web-console-2.3.0/lib/web_console/templates/style.css.erb within layouts/inlined_string (0.3ms)
  Rendered /home/srikanth/.rvm/gems/ruby-2.3.3/gems/web-console-2.3.0/lib/web_console/templates/console.js.erb within layouts/javascript (13.1ms)
  Rendered /home/srikanth/.rvm/gems/ruby-2.3.3/gems/web-console-2.3.0/lib/web_console/templates/main.js.erb within layouts/javascript (0.2ms)
  Rendered /home/srikanth/.rvm/gems/ruby-2.3.3/gems/web-console-2.3.0/lib/web_console/templates/error_page.js.erb within layouts/javascript (0.3ms)
  Rendered /home/srikanth/.rvm/gems/ruby-2.3.3/gems/web-console-2.3.0/lib/web_console/templates/index.html.erb (25.7ms)


Started GET "/" for 127.0.0.1 at 2017-02-17 19:10:26 +0530
Processing by Rails::WelcomeController#index as HTML
  Rendered /home/srikanth/.rvm/gems/ruby-2.3.3/gems/railties-4.2.6/lib/rails/templates/rails/welcome/index.html.erb (1.0ms)
Completed 200 OK in 12ms (Views: 5.8ms)


Started GET "/user_csv_uploads" for 127.0.0.1 at 2017-02-17 19:10:29 +0530
Processing by UserCsvUploadsController#index as HTML
MONGODB | Topology type 'unknown' initializing.
MONGODB | Server localhost:27017 initializing.
MONGODB | Topology type 'unknown' changed to type 'single'.
MONGODB | Server description for localhost:27017 changed from 'unknown' to 'standalone'.
MONGODB | There was a change in the members of the 'single' topology.
MONGODB | localhost:27017 | user_csv_development.find | STARTED | {"find"=>"user_csv_uploads", "filter"=>{}}
MONGODB | localhost:27017 | user_csv_development.find | SUCCEEDED | 0.001008764s
  Rendered user_csv_uploads/index.html.erb within layouts/application (7.9ms)
Completed 200 OK in 206ms (Views: 191.3ms)


Started GET "/user_csv_uploads/new" for 127.0.0.1 at 2017-02-17 19:10:31 +0530
Processing by UserCsvUploadsController#new as HTML
  Rendered user_csv_uploads/_form.html.erb (13.8ms)
  Rendered user_csv_uploads/new.html.erb within layouts/application (17.2ms)
Completed 200 OK in 29ms (Views: 28.1ms)


Started POST "/user_csv_uploads" for 127.0.0.1 at 2017-02-17 19:10:35 +0530
Processing by UserCsvUploadsController#create as HTML
  Parameters: {"utf8"=>"✓", "authenticity_token"=>"TeGm2SDhYtrrxCtBKnXTFInHu9jEo0755qvqMWU0dRDWmZtj9AGm2u3xGUL7lGCwJdD1gmbBrteARzkNefgpJg==", "user_csv_upload"=>{"name"=>#<ActionDispatch::Http::UploadedFile:0x00000002945c08 @tempfile=#<Tempfile:/tmp/RackMultipart20170217-11669-1xfbvxm.csv>, @original_filename="Transactions.csv", @content_type="text/csv", @headers="Content-Disposition: form-data; name=\"user_csv_upload[name]\"; filename=\"Transactions.csv\"\r\nContent-Type: text/csv\r\n">}, "commit"=>"upload"}
Completed 500 Internal Server Error in 2ms

TypeError (no implicit conversion of nil into String):
  app/controllers/user_csv_uploads_controller.rb:30:in `create'


  Rendered /home/srikanth/.rvm/gems/ruby-2.3.3/gems/actionpack-4.2.6/lib/action_dispatch/middleware/templates/rescues/_source.erb (3.3ms)
  Rendered /home/srikanth/.rvm/gems/ruby-2.3.3/gems/actionpack-4.2.6/lib/action_dispatch/middleware/templates/rescues/_trace.html.erb (1.4ms)
  Rendered /home/srikanth/.rvm/gems/ruby-2.3.3/gems/actionpack-4.2.6/lib/action_dispatch/middleware/templates/rescues/_request_and_response.html.erb (0.7ms)
  Rendered /home/srikanth/.rvm/gems/ruby-2.3.3/gems/actionpack-4.2.6/lib/action_dispatch/middleware/templates/rescues/diagnostics.html.erb within rescues/layout (15.7ms)
  Rendered /home/srikanth/.rvm/gems/ruby-2.3.3/gems/web-console-2.3.0/lib/web_console/templates/_markup.html.erb (0.4ms)
  Rendered /home/srikanth/.rvm/gems/ruby-2.3.3/gems/web-console-2.3.0/lib/web_console/templates/_inner_console_markup.html.erb within layouts/inlined_string (0.2ms)
  Rendered /home/srikanth/.rvm/gems/ruby-2.3.3/gems/web-console-2.3.0/lib/web_console/templates/_prompt_box_markup.html.erb within layouts/inlined_string (0.2ms)
  Rendered /home/srikanth/.rvm/gems/ruby-2.3.3/gems/web-console-2.3.0/lib/web_console/templates/style.css.erb within layouts/inlined_string (0.3ms)
  Rendered /home/srikanth/.rvm/gems/ruby-2.3.3/gems/web-console-2.3.0/lib/web_console/templates/console.js.erb within layouts/javascript (11.8ms)
  Rendered /home/srikanth/.rvm/gems/ruby-2.3.3/gems/web-console-2.3.0/lib/web_console/templates/main.js.erb within layouts/javascript (0.4ms)
  Rendered /home/srikanth/.rvm/gems/ruby-2.3.3/gems/web-console-2.3.0/lib/web_console/templates/error_page.js.erb within layouts/javascript (0.3ms)
  Rendered /home/srikanth/.rvm/gems/ruby-2.3.3/gems/web-console-2.3.0/lib/web_console/templates/index.html.erb (25.1ms)


Started POST "/user_csv_uploads" for 127.0.0.1 at 2017-02-17 19:11:39 +0530
Processing by UserCsvUploadsController#create as HTML
  Parameters: {"utf8"=>"✓", "authenticity_token"=>"TeGm2SDhYtrrxCtBKnXTFInHu9jEo0755qvqMWU0dRDWmZtj9AGm2u3xGUL7lGCwJdD1gmbBrteARzkNefgpJg==", "user_csv_upload"=>{"name"=>#<ActionDispatch::Http::UploadedFile:0x00000002037dc8 @tempfile=#<Tempfile:/tmp/RackMultipart20170217-11808-18w7coo.csv>, @original_filename="Transactions.csv", @content_type="text/csv", @headers="Content-Disposition: form-data; name=\"user_csv_upload[name]\"; filename=\"Transactions.csv\"\r\nContent-Type: text/csv\r\n">}, "commit"=>"upload"}
Completed 500 Internal Server Error in 18ms

Errno::ENOTDIR (Not a directory @ rb_sysopen - /home/srikanth/NetBeansProjects/user_csv/public/uploads/hello):
  app/controllers/user_csv_uploads_controller.rb:30:in `initialize'
  app/controllers/user_csv_uploads_controller.rb:30:in `open'
  app/controllers/user_csv_uploads_controller.rb:30:in `create'


  Rendered /home/srikanth/.rvm/gems/ruby-2.3.3/gems/actionpack-4.2.6/lib/action_dispatch/middleware/templates/rescues/_source.erb (3.2ms)
  Rendered /home/srikanth/.rvm/gems/ruby-2.3.3/gems/actionpack-4.2.6/lib/action_dispatch/middleware/templates/rescues/_trace.html.erb (1.4ms)
  Rendered /home/srikanth/.rvm/gems/ruby-2.3.3/gems/actionpack-4.2.6/lib/action_dispatch/middleware/templates/rescues/_request_and_response.html.erb (0.7ms)
  Rendered /home/srikanth/.rvm/gems/ruby-2.3.3/gems/actionpack-4.2.6/lib/action_dispatch/middleware/templates/rescues/diagnostics.html.erb within rescues/layout (17.0ms)
  Rendered /home/srikanth/.rvm/gems/ruby-2.3.3/gems/web-console-2.3.0/lib/web_console/templates/_markup.html.erb (0.3ms)
  Rendered /home/srikanth/.rvm/gems/ruby-2.3.3/gems/web-console-2.3.0/lib/web_console/templates/_inner_console_markup.html.erb within layouts/inlined_string (0.2ms)
  Rendered /home/srikanth/.rvm/gems/ruby-2.3.3/gems/web-console-2.3.0/lib/web_console/templates/_prompt_box_markup.html.erb within layouts/inlined_string (0.4ms)
  Rendered /home/srikanth/.rvm/gems/ruby-2.3.3/gems/web-console-2.3.0/lib/web_console/templates/style.css.erb within layouts/inlined_string (0.3ms)
  Rendered /home/srikanth/.rvm/gems/ruby-2.3.3/gems/web-console-2.3.0/lib/web_console/templates/console.js.erb within layouts/javascript (17.4ms)
  Rendered /home/srikanth/.rvm/gems/ruby-2.3.3/gems/web-console-2.3.0/lib/web_console/templates/main.js.erb within layouts/javascript (0.2ms)
  Rendered /home/srikanth/.rvm/gems/ruby-2.3.3/gems/web-console-2.3.0/lib/web_console/templates/error_page.js.erb within layouts/javascript (0.2ms)
  Rendered /home/srikanth/.rvm/gems/ruby-2.3.3/gems/web-console-2.3.0/lib/web_console/templates/index.html.erb (31.5ms)


Started GET "/" for 127.0.0.1 at 2017-02-17 19:11:44 +0530
Processing by Rails::WelcomeController#index as HTML
  Rendered /home/srikanth/.rvm/gems/ruby-2.3.3/gems/railties-4.2.6/lib/rails/templates/rails/welcome/index.html.erb (0.7ms)
Completed 200 OK in 5ms (Views: 4.5ms)


Started GET "/user_csv_uploads" for 127.0.0.1 at 2017-02-17 19:11:48 +0530
Processing by UserCsvUploadsController#index as HTML
MONGODB | Topology type 'unknown' initializing.
MONGODB | Server localhost:27017 initializing.
MONGODB | Topology type 'unknown' changed to type 'single'.
MONGODB | Server description for localhost:27017 changed from 'unknown' to 'standalone'.
MONGODB | There was a change in the members of the 'single' topology.
MONGODB | localhost:27017 | user_csv_development.find | STARTED | {"find"=>"user_csv_uploads", "filter"=>{}}
MONGODB | localhost:27017 | user_csv_development.find | SUCCEEDED | 0.001322252s
  Rendered user_csv_uploads/index.html.erb within layouts/application (8.2ms)
Completed 200 OK in 179ms (Views: 178.2ms)


Started GET "/user_csv_uploads/new" for 127.0.0.1 at 2017-02-17 19:11:57 +0530
Processing by UserCsvUploadsController#new as HTML
  Rendered user_csv_uploads/_form.html.erb (9.0ms)
  Rendered user_csv_uploads/new.html.erb within layouts/application (10.3ms)
Completed 200 OK in 22ms (Views: 21.5ms)


Started POST "/user_csv_uploads" for 127.0.0.1 at 2017-02-17 19:12:01 +0530
Processing by UserCsvUploadsController#create as HTML
  Parameters: {"utf8"=>"✓", "authenticity_token"=>"aRTp9Shok+v2BoTsJ7DYDeJnfUh2Xg8vu7EcMJDEsD3ybNRP/IhX6/Aztu/2UWupTnAzEtQ87wHdXc8MjAjsCw==", "user_csv_upload"=>{"name"=>#<ActionDispatch::Http::UploadedFile:0x00000002b58ce8 @tempfile=#<Tempfile:/tmp/RackMultipart20170217-11808-55n7pi.csv>, @original_filename="Transactions.csv", @content_type="text/csv", @headers="Content-Disposition: form-data; name=\"user_csv_upload[name]\"; filename=\"Transactions.csv\"\r\nContent-Type: text/csv\r\n">}, "commit"=>"upload"}
Completed 500 Internal Server Error in 4ms

Errno::ENOTDIR (Not a directory @ rb_sysopen - /home/srikanth/NetBeansProjects/user_csv/public/uploads/hello):
  app/controllers/user_csv_uploads_controller.rb:30:in `initialize'
  app/controllers/user_csv_uploads_controller.rb:30:in `open'
  app/controllers/user_csv_uploads_controller.rb:30:in `create'


  Rendered /home/srikanth/.rvm/gems/ruby-2.3.3/gems/actionpack-4.2.6/lib/action_dispatch/middleware/templates/rescues/_source.erb (2.7ms)
  Rendered /home/srikanth/.rvm/gems/ruby-2.3.3/gems/actionpack-4.2.6/lib/action_dispatch/middleware/templates/rescues/_trace.html.erb (1.3ms)
  Rendered /home/srikanth/.rvm/gems/ruby-2.3.3/gems/actionpack-4.2.6/lib/action_dispatch/middleware/templates/rescues/_request_and_response.html.erb (0.7ms)
  Rendered /home/srikanth/.rvm/gems/ruby-2.3.3/gems/actionpack-4.2.6/lib/action_dispatch/middleware/templates/rescues/diagnostics.html.erb within rescues/layout (15.5ms)
  Rendered /home/srikanth/.rvm/gems/ruby-2.3.3/gems/web-console-2.3.0/lib/web_console/templates/_markup.html.erb (0.3ms)
  Rendered /home/srikanth/.rvm/gems/ruby-2.3.3/gems/web-console-2.3.0/lib/web_console/templates/_inner_console_markup.html.erb within layouts/inlined_string (0.2ms)
  Rendered /home/srikanth/.rvm/gems/ruby-2.3.3/gems/web-console-2.3.0/lib/web_console/templates/_prompt_box_markup.html.erb within layouts/inlined_string (0.2ms)
  Rendered /home/srikanth/.rvm/gems/ruby-2.3.3/gems/web-console-2.3.0/lib/web_console/templates/style.css.erb within layouts/inlined_string (0.4ms)
  Rendered /home/srikanth/.rvm/gems/ruby-2.3.3/gems/web-console-2.3.0/lib/web_console/templates/console.js.erb within layouts/javascript (13.1ms)
  Rendered /home/srikanth/.rvm/gems/ruby-2.3.3/gems/web-console-2.3.0/lib/web_console/templates/main.js.erb within layouts/javascript (0.2ms)
  Rendered /home/srikanth/.rvm/gems/ruby-2.3.3/gems/web-console-2.3.0/lib/web_console/templates/error_page.js.erb within layouts/javascript (0.3ms)
  Rendered /home/srikanth/.rvm/gems/ruby-2.3.3/gems/web-console-2.3.0/lib/web_console/templates/index.html.erb (25.8ms)
